#
# A fatal error has been detected by the Java Runtime Environment:
#
#  EXCEPTION_ACCESS_VIOLATION (0xc0000005) at pc=0x0000000066be00ae, pid=4720, tid=2928
#
# JRE version: 7.0-b147
# Java VM: Java HotSpot(TM) 64-Bit Server VM (21.0-b17 mixed mode windows-amd64 compressed oops)
# Problematic frame:
# C  [gdx-box2d64.dll+0x200ae]
#
# Failed to write core dump. Minidumps are not enabled by default on client versions of Windows
#
# If you would like to submit a bug report, please visit:
#   http://bugreport.sun.com/bugreport/crash.jsp
# The crash happened outside the Java Virtual Machine in native code.
# See problematic frame for where to report the bug.
#

---------------  T H R E A D  ---------------

Current thread (0x00000000072e4800):  JavaThread "LWJGL Application" [_thread_in_native, id=2928, stack(0x0000000008240000,0x0000000008340000)]

siginfo: ExceptionCode=0xc0000005, reading address 0x000000000000001c

Registers:
RAX=0x0000000000000000, RBX=0x000000000a904bb0, RCX=0x0000000000000002, RDX=0x000000000a8fc5b0
RSP=0x000000000833f060, RBP=0x000000000a8f86a0, RSI=0x000000000000000b, RDI=0x000000000a8f4a30
R8 =0x00000000072e4800, R9 =0x0000000006291160, R10=0x0000000000000000, R11=0x000000000833ef00
R12=0x000000000a8f8760, R13=0x000000000a8dff10, R14=0x0000000000000000, R15=0x0000000000000000
RIP=0x0000000066be00ae, EFLAGS=0x0000000000010246

Top of Stack: (sp=0x000000000833f060)
0x000000000833f060:   000000000833f0a8 00000000eb8dcf10
0x000000000833f070:   000000000833f070 00000000bca88898
0x000000000833f080:   000000003f7fa863 0000000000000000
0x000000000833f090:   0000000000000000 0000000000000000
0x000000000833f0a0:   0000000000000000 000000000a8c6c70
0x000000000833f0b0:   000000000833f120 000000000833f110
0x000000000833f0c0:   000000000a8dff10 0000000000000006
0x000000000833f0d0:   00000000bd008318 000000000833f300
0x000000000833f0e0:   00000000072e4800 0000000066be4b66
0x000000000833f0f0:   00000000bcb56378 0000000000000000
0x000000000833f100:   000000000833f118 000000000833f170
0x000000000833f110:   421c940573a40000 00000000eb8dcf10
0x000000000833f120:   421c940573a80000 0000000000000000
0x000000000833f130:   426aca873c8b8ff6 000000063f7fa863
0x000000000833f140:   0000000100000002 00000000bced7a08
0x000000000833f150:   000000003c8b8ff6 0000000000000000 

Instructions: (pc=0x0000000066be00ae)
0x0000000066be008e:   84 de 00 00 00 49 63 d6 49 63 c7 48 c1 e2 05 48
0x0000000066be009e:   03 55 28 48 c1 e0 05 49 03 44 24 28 48 63 72 1c
0x0000000066be00ae:   48 63 78 1c 85 f6 78 06 41 3b 75 14 7c 19 48 8d
0x0000000066be00be:   15 6d 82 03 00 48 8d 0d 8e 82 03 00 41 b8 a4 00 


Register to memory mapping:

RAX=0x0000000000000000 is an unknown value
RBX=0x000000000a904bb0 is an unknown value
RCX=0x0000000000000002 is an unknown value
RDX=0x000000000a8fc5b0 is an unknown value
RSP=0x000000000833f060 is pointing into the stack for thread: 0x00000000072e4800
RBP=0x000000000a8f86a0 is an unknown value
RSI=0x000000000000000b is an unknown value
RDI=0x000000000a8f4a30 is an unknown value
R8 =0x00000000072e4800 is a thread
R9 =0x0000000006291160 is an unknown value
R10=0x0000000000000000 is an unknown value
R11=0x000000000833ef00 is pointing into the stack for thread: 0x00000000072e4800
R12=0x000000000a8f8760 is an unknown value
R13=0x000000000a8dff10 is an unknown value
R14=0x0000000000000000 is an unknown value
R15=0x0000000000000000 is an unknown value


Stack: [0x0000000008240000,0x0000000008340000],  sp=0x000000000833f060,  free space=1020k
Native frames: (J=compiled Java code, j=interpreted, Vv=VM code, C=native code)
C  [gdx-box2d64.dll+0x200ae]

Java frames: (J=compiled Java code, j=interpreted, Vv=VM code)
j  com.badlogic.gdx.physics.box2d.World.jniStep(JFII)V+0
j  com.badlogic.gdx.physics.box2d.World.step(FII)V+8
j  com.mygdx.game.desktop.Game.render()V+14
j  com.badlogic.gdx.backends.lwjgl.LwjglApplication.mainLoop()V+632
j  com.badlogic.gdx.backends.lwjgl.LwjglApplication$1.run()V+27
v  ~StubRoutines::call_stub

---------------  P R O C E S S  ---------------

Java Threads: ( => current thread )
  0x00000000073f6800 JavaThread "LWJGL Timer" daemon [_thread_blocked, id=5612, stack(0x000000000cd10000,0x000000000ce10000)]
  0x00000000028cd800 JavaThread "DestroyJavaVM" [_thread_blocked, id=3208, stack(0x00000000028d0000,0x00000000029d0000)]
=>0x00000000072e4800 JavaThread "LWJGL Application" [_thread_in_native, id=2928, stack(0x0000000008240000,0x0000000008340000)]
  0x0000000006317000 JavaThread "Service Thread" daemon [_thread_blocked, id=3712, stack(0x00000000070c0000,0x00000000071c0000)]
  0x000000000630f000 JavaThread "C2 CompilerThread1" daemon [_thread_blocked, id=5444, stack(0x0000000006fc0000,0x00000000070c0000)]
  0x0000000006304000 JavaThread "C2 CompilerThread0" daemon [_thread_blocked, id=5648, stack(0x0000000006ec0000,0x0000000006fc0000)]
  0x0000000006303000 JavaThread "Attach Listener" daemon [_thread_blocked, id=688, stack(0x0000000006dc0000,0x0000000006ec0000)]
  0x0000000006300000 JavaThread "Signal Dispatcher" daemon [_thread_blocked, id=4544, stack(0x0000000006cc0000,0x0000000006dc0000)]
  0x00000000062a1800 JavaThread "Finalizer" daemon [_thread_blocked, id=5212, stack(0x0000000006bc0000,0x0000000006cc0000)]
  0x0000000006298000 JavaThread "Reference Handler" daemon [_thread_blocked, id=3364, stack(0x0000000006ac0000,0x0000000006bc0000)]

Other Threads:
  0x000000000628c800 VMThread [stack: 0x00000000069c0000,0x0000000006ac0000] [id=2464]
  0x0000000006329800 WatcherThread [stack: 0x00000000071c0000,0x00000000072c0000] [id=5748]

VM state:not at safepoint (normal execution)

VM Mutex/Monitor currently owned by a thread: None

Heap
 PSYoungGen      total 18624K, used 10137K [0x00000000eb400000, 0x00000000ec8c0000, 0x0000000100000000)
  eden space 16000K, 63% used [0x00000000eb400000,0x00000000ebde67c0,0x00000000ec3a0000)
  from space 2624K, 0% used [0x00000000ec630000,0x00000000ec630000,0x00000000ec8c0000)
  to   space 2624K, 0% used [0x00000000ec3a0000,0x00000000ec3a0000,0x00000000ec630000)
 PSOldGen        total 42496K, used 0K [0x00000000c1c00000, 0x00000000c4580000, 0x00000000eb400000)
  object space 42496K, 0% used [0x00000000c1c00000,0x00000000c1c00000,0x00000000c4580000)
 PSPermGen       total 21248K, used 6836K [0x00000000bca00000, 0x00000000bdec0000, 0x00000000c1c00000)
  object space 21248K, 32% used [0x00000000bca00000,0x00000000bd0ad230,0x00000000bdec0000)

Code Cache  [0x0000000002ad0000, 0x0000000002d40000, 0x0000000005ad0000)
 total_blobs=496 nmethods=77 adapters=371 free_code_cache=48529Kb largest_free_block=49670080

Dynamic libraries:
0x000007f650760000 - 0x000007f650793000 	C:\Program Files\Java\jre7\bin\javaw.exe
0x000007fbaa1a0000 - 0x000007fbaa35e000 	C:\Windows\SYSTEM32\ntdll.dll
0x000007fba98a0000 - 0x000007fba99d7000 	C:\Windows\system32\KERNEL32.DLL
0x000007fba72c0000 - 0x000007fba73b4000 	C:\Windows\system32\KERNELBASE.dll
0x000000006bcc0000 - 0x000000006bd54000 	C:\Program Files\Bitdefender\Bitdefender 2015\Active Virus Control\Avc3_00285_005\avcuf64.dll
0x000007fba91b0000 - 0x000007fba928e000 	C:\Windows\system32\ADVAPI32.dll
0x000007fba99e0000 - 0x000007fba9b2c000 	C:\Windows\system32\USER32.dll
0x000007fba3790000 - 0x000007fba39fa000 	C:\Windows\WinSxS\amd64_microsoft.windows.common-controls_6595b64144ccf1df_6.0.9200.16579_none_418ab7ef718b27ef\COMCTL32.dll
0x000007fba7810000 - 0x000007fba78b5000 	C:\Windows\system32\msvcrt.dll
0x000007fba9640000 - 0x000007fba9688000 	C:\Windows\SYSTEM32\sechost.dll
0x000007fbaa050000 - 0x000007fbaa195000 	C:\Windows\system32\RPCRT4.dll
0x000007fba8ce0000 - 0x000007fba8e21000 	C:\Windows\system32\GDI32.dll
0x000007fba8e80000 - 0x000007fba8eb9000 	C:\Windows\system32\IMM32.DLL
0x000007fba8bc0000 - 0x000007fba8cd6000 	C:\Windows\system32\MSCTF.dll
0x000000006a390000 - 0x000000006a461000 	C:\Program Files\Java\jre7\bin\msvcr100.dll
0x000000006aa00000 - 0x000000006b0ce000 	C:\Program Files\Java\jre7\bin\server\jvm.dll
0x000007fb8e870000 - 0x000007fb8e879000 	C:\Windows\SYSTEM32\WSOCK32.dll
0x000007fba61f0000 - 0x000007fba6210000 	C:\Windows\SYSTEM32\WINMM.dll
0x000007fba7630000 - 0x000007fba7637000 	C:\Windows\system32\PSAPI.DLL
0x000007fba9460000 - 0x000007fba94b8000 	C:\Windows\system32\WS2_32.dll
0x000007fba61a0000 - 0x000007fba61d3000 	C:\Windows\SYSTEM32\WINMMBASE.dll
0x000007fba7570000 - 0x000007fba7579000 	C:\Windows\system32\NSI.dll
0x000007fba7490000 - 0x000007fba74df000 	C:\Windows\SYSTEM32\cfgmgr32.dll
0x000007fba74e0000 - 0x000007fba7502000 	C:\Windows\system32\DEVOBJ.dll
0x000000006a9f0000 - 0x000000006a9ff000 	C:\Program Files\Java\jre7\bin\verify.dll
0x000000006a9c0000 - 0x000000006a9e8000 	C:\Program Files\Java\jre7\bin\java.dll
0x000000006a9a0000 - 0x000000006a9b5000 	C:\Program Files\Java\jre7\bin\zip.dll
0x0000000065580000 - 0x0000000065616000 	C:\Users\sachavent\AppData\Local\Temp\libgdxsachavent\1c1933b0\gdx64.dll
0x000007fba68e0000 - 0x000007fba68fa000 	C:\Windows\SYSTEM32\CRYPTSP.dll
0x000007fba6560000 - 0x000007fba65ab000 	C:\Windows\system32\rsaenh.dll
0x000007fba73c0000 - 0x000007fba73df000 	C:\Windows\system32\USERENV.dll
0x000007fba70c0000 - 0x000007fba70d5000 	C:\Windows\system32\profapi.dll
0x000007fba6e50000 - 0x000007fba6e5a000 	C:\Windows\SYSTEM32\CRYPTBASE.dll
0x000007fba6df0000 - 0x000007fba6e4c000 	C:\Windows\SYSTEM32\bcryptPrimitives.dll
0x000000006a980000 - 0x000000006a999000 	C:\Program Files\Java\jre7\bin\net.dll
0x000007fba6860000 - 0x000007fba68bc000 	C:\Windows\system32\mswsock.dll
0x000007fb9e410000 - 0x000007fb9e424000 	C:\Windows\system32\napinsp.dll
0x000007fb9d510000 - 0x000007fb9d528000 	C:\Windows\system32\pnrpnsp.dll
0x000007fba4310000 - 0x000007fba4326000 	C:\Windows\system32\NLAapi.dll
0x000007fba66a0000 - 0x000007fba673c000 	C:\Windows\SYSTEM32\DNSAPI.dll
0x000007fb9d4f0000 - 0x000007fb9d502000 	C:\Windows\System32\winrnr.dll
0x000007fb9d4d0000 - 0x000007fb9d4e4000 	C:\Windows\system32\wshbth.dll
0x000007fb98890000 - 0x000007fb98898000 	C:\Windows\System32\rasadhlp.dll
0x000007fba6210000 - 0x000007fba623a000 	C:\Windows\SYSTEM32\IPHLPAPI.DLL
0x000007fba61e0000 - 0x000007fba61ea000 	C:\Windows\SYSTEM32\WINNSI.DLL
0x000007fba0ec0000 - 0x000007fba0f21000 	C:\Windows\System32\fwpuclnt.dll
0x000000006a960000 - 0x000000006a971000 	C:\Program Files\Java\jre7\bin\nio.dll
0x0000000180000000 - 0x0000000180053000 	C:\Users\sachavent\AppData\Local\Temp\libgdxsachavent\dc0f0009\lwjgl64.dll
0x000007fb87df0000 - 0x000007fb87f0f000 	C:\Windows\SYSTEM32\OPENGL32.dll
0x000007fba6130000 - 0x000007fba6139000 	C:\Windows\SYSTEM32\VERSION.dll
0x000007fb8e380000 - 0x000007fb8e3ac000 	C:\Windows\SYSTEM32\GLU32.dll
0x000007fb87d00000 - 0x000007fb87dea000 	C:\Windows\SYSTEM32\DDRAW.dll
0x000007fb91740000 - 0x000007fb91748000 	C:\Windows\SYSTEM32\DCIMAN32.dll
0x0000000007b60000 - 0x0000000007bc4000 	C:\Users\SACHAV~1\AppData\Local\Temp\libgdxsachavent\dc0f0009\OpenAL64.dll
0x000007fba78d0000 - 0x000007fba8bb2000 	C:\Windows\system32\SHELL32.dll
0x000007fba94c0000 - 0x000007fba963e000 	C:\Windows\system32\ole32.dll
0x000007fba7640000 - 0x000007fba77f0000 	C:\Windows\SYSTEM32\combase.dll
0x000007fba8e30000 - 0x000007fba8e80000 	C:\Windows\system32\SHLWAPI.dll
0x000007fba6090000 - 0x000007fba6125000 	C:\Windows\SYSTEM32\SHCORE.dll
0x000007fba47d0000 - 0x000007fba48b6000 	C:\Windows\system32\uxtheme.dll
0x000007fba9800000 - 0x000007fba9896000 	C:\Windows\SYSTEM32\clbcatq.dll
0x000007fba9d50000 - 0x000007fba9e13000 	C:\Windows\system32\OLEAUT32.dll
0x000007fb8f1e0000 - 0x000007fb8f26b000 	C:\Windows\SYSTEM32\dsound.dll
0x000007fba6fb0000 - 0x000007fba6ff3000 	C:\Windows\SYSTEM32\POWRPROF.dll
0x000007fba31a0000 - 0x000007fba3202000 	C:\Windows\System32\MMDevApi.dll
0x000007fb92300000 - 0x000007fb92372000 	C:\Windows\SYSTEM32\AUDIOSES.DLL
0x000007fba3bc0000 - 0x000007fba3be1000 	C:\Windows\SYSTEM32\dwmapi.dll
0x000007fb86f10000 - 0x000007fb87a39000 	C:\Windows\SYSTEM32\ig7icd64.dll
0x000007fb930d0000 - 0x000007fb93161000 	C:\Windows\SYSTEM32\mscms.dll
0x000007fb93090000 - 0x000007fb930d0000 	C:\Windows\SYSTEM32\icm32.dll
0x0000000066bc0000 - 0x0000000066c7b000 	C:\Users\sachavent\AppData\Local\Temp\libgdxsachavent\33bebcb\gdx-box2d64.dll

VM Arguments:
jvm_args: -Dfile.encoding=Cp1252 
java_command: com.mygdx.game.desktop.DesktopLauncher
Launcher Type: SUN_STANDARD

Environment Variables:
PATH=C:/Program Files/Java/jre7/bin/server;C:/Program Files/Java/jre7/bin;C:/Program Files/Java/jre7/lib/amd64;C:\Program Files\Java\jre7\bin;C:\Users\sachavent\Documents\eclipse-java-luna-SR1-win32-x86_64\eclipse;
USERNAME=sachavent
OS=Windows_NT
PROCESSOR_IDENTIFIER=Intel64 Family 6 Model 58 Stepping 9, GenuineIntel



---------------  S Y S T E M  ---------------

OS: Windows NT 6.2 Build 9200 

CPU:total 4 (2 cores per cpu, 2 threads per core) family 6 model 58 stepping 9, cmov, cx8, fxsr, mmx, sse, sse2, sse3, ssse3, sse4.1, sse4.2, popcnt, ht

Memory: 4k page, physical 4077452k(1856192k free), swap 6174604k(3197608k free)

vm_info: Java HotSpot(TM) 64-Bit Server VM (21.0-b17) for windows-amd64 JRE (1.7.0-b147), built on Jun 27 2011 02:19:45 by "java_re" with unknown MS VC++:1600

time: Thu Jan 15 13:48:16 2015
elapsed time: 10 seconds

