#
# A fatal error has been detected by the Java Runtime Environment:
#
#  EXCEPTION_ACCESS_VIOLATION (0xc0000005) at pc=0x0000000066be00ae, pid=6000, tid=3956
#
# JRE version: 7.0-b147
# Java VM: Java HotSpot(TM) 64-Bit Server VM (21.0-b17 mixed mode windows-amd64 compressed oops)
# Problematic frame:
# C  [gdx-box2d64.dll+0x200ae]
#
# Failed to write core dump. Minidumps are not enabled by default on client versions of Windows
#
# If you would like to submit a bug report, please visit:
#   http://bugreport.sun.com/bugreport/crash.jsp
# The crash happened outside the Java Virtual Machine in native code.
# See problematic frame for where to report the bug.
#

---------------  T H R E A D  ---------------

Current thread (0x0000000006ee1000):  JavaThread "LWJGL Application" [_thread_in_native, id=3956, stack(0x0000000007e90000,0x0000000007f90000)]

siginfo: ExceptionCode=0xc0000005, reading address 0x000000000000001c

Registers:
RAX=0x0000000000000000, RBX=0x000000000a654540, RCX=0x0000000000000002, RDX=0x000000000a64c490
RSP=0x0000000007f8ef90, RBP=0x000000000a648460, RSI=0x0000000000000000, RDI=0x000000000a644730
R8 =0x0000000006ee1000, R9 =0x0000000005d2d160, R10=0x0000000000000000, R11=0x0000000007f8ee30
R12=0x000000000a6485e0, R13=0x000000000a62ff10, R14=0x0000000000000000, R15=0x0000000000000000
RIP=0x0000000066be00ae, EFLAGS=0x0000000000010246

Top of Stack: (sp=0x0000000007f8ef90)
0x0000000007f8ef90:   000000000a630aa0 000000000a62ff10
0x0000000007f8efa0:   0000000000000000 000000000000000d
0x0000000007f8efb0:   000000003f87dca5 0000000000000000
0x0000000007f8efc0:   0000000000000000 0000000000000000
0x0000000007f8efd0:   00000000bce1ca50 000000000a616c70
0x0000000007f8efe0:   0000000007f8f050 0000000007f8f040
0x0000000007f8eff0:   000000000a62ff10 0000000000000006
0x0000000007f8f000:   00000000bd008bb8 0000000007f8f230
0x0000000007f8f010:   0000000006ee1000 0000000066be4b66
0x0000000007f8f020:   0000000000000000 0000000000000000
0x0000000007f8f030:   000000000000007e 0000000007f8f038
0x0000000007f8f040:   4235b2adc42b0000 0000000007f8f0a8
0x0000000007f8f050:   4235b2adc4410000 00000000024f26fa
0x0000000007f8f060:   425d1b993c9432ff 000000063f87dca5
0x0000000007f8f070:   0000000100000002 0000000007f8f0f0
0x0000000007f8f080:   000000003c9432ff 0000000000000000 

Instructions: (pc=0x0000000066be00ae)
0x0000000066be008e:   84 de 00 00 00 49 63 d6 49 63 c7 48 c1 e2 05 48
0x0000000066be009e:   03 55 28 48 c1 e0 05 49 03 44 24 28 48 63 72 1c
0x0000000066be00ae:   48 63 78 1c 85 f6 78 06 41 3b 75 14 7c 19 48 8d
0x0000000066be00be:   15 6d 82 03 00 48 8d 0d 8e 82 03 00 41 b8 a4 00 


Register to memory mapping:

RAX=0x0000000000000000 is an unknown value
RBX=0x000000000a654540 is an unknown value
RCX=0x0000000000000002 is an unknown value
RDX=0x000000000a64c490 is an unknown value
RSP=0x0000000007f8ef90 is pointing into the stack for thread: 0x0000000006ee1000
RBP=0x000000000a648460 is an unknown value
RSI=0x0000000000000000 is an unknown value
RDI=0x000000000a644730 is an unknown value
R8 =0x0000000006ee1000 is a thread
R9 =0x0000000005d2d160 is an unknown value
R10=0x0000000000000000 is an unknown value
R11=0x0000000007f8ee30 is pointing into the stack for thread: 0x0000000006ee1000
R12=0x000000000a6485e0 is an unknown value
R13=0x000000000a62ff10 is an unknown value
R14=0x0000000000000000 is an unknown value
R15=0x0000000000000000 is an unknown value


Stack: [0x0000000007e90000,0x0000000007f90000],  sp=0x0000000007f8ef90,  free space=1019k
Native frames: (J=compiled Java code, j=interpreted, Vv=VM code, C=native code)
C  [gdx-box2d64.dll+0x200ae]

Java frames: (J=compiled Java code, j=interpreted, Vv=VM code)
j  com.badlogic.gdx.physics.box2d.World.jniStep(JFII)V+0
J  com.mygdx.game.desktop.Game.render()V
j  com.badlogic.gdx.backends.lwjgl.LwjglApplication.mainLoop()V+632
j  com.badlogic.gdx.backends.lwjgl.LwjglApplication$1.run()V+27
v  ~StubRoutines::call_stub

---------------  P R O C E S S  ---------------

Java Threads: ( => current thread )
  0x0000000006ef6000 JavaThread "LWJGL Timer" daemon [_thread_blocked, id=5240, stack(0x000000000ca60000,0x000000000cb60000)]
  0x0000000000b4d800 JavaThread "DestroyJavaVM" [_thread_blocked, id=5788, stack(0x0000000002280000,0x0000000002380000)]
=>0x0000000006ee1000 JavaThread "LWJGL Application" [_thread_in_native, id=3956, stack(0x0000000007e90000,0x0000000007f90000)]
  0x0000000005dab000 JavaThread "Service Thread" daemon [_thread_blocked, id=4612, stack(0x0000000006b60000,0x0000000006c60000)]
  0x0000000005da8000 JavaThread "C2 CompilerThread1" daemon [_thread_blocked, id=2564, stack(0x0000000006a60000,0x0000000006b60000)]
  0x0000000005da2800 JavaThread "C2 CompilerThread0" daemon [_thread_blocked, id=5548, stack(0x0000000006960000,0x0000000006a60000)]
  0x0000000005da1800 JavaThread "Attach Listener" daemon [_thread_blocked, id=2560, stack(0x0000000006860000,0x0000000006960000)]
  0x0000000005d9e800 JavaThread "Signal Dispatcher" daemon [_thread_blocked, id=5704, stack(0x0000000006760000,0x0000000006860000)]
  0x0000000005d3f000 JavaThread "Finalizer" daemon [_thread_blocked, id=1264, stack(0x0000000006660000,0x0000000006760000)]
  0x0000000005d36000 JavaThread "Reference Handler" daemon [_thread_blocked, id=4048, stack(0x0000000006560000,0x0000000006660000)]

Other Threads:
  0x0000000005d2c800 VMThread [stack: 0x0000000006460000,0x0000000006560000] [id=2960]
  0x0000000005dc8000 WatcherThread [stack: 0x0000000006c60000,0x0000000006d60000] [id=4632]

VM state:not at safepoint (normal execution)

VM Mutex/Monitor currently owned by a thread: None

Heap
 PSYoungGen      total 11392K, used 7651K [0x00000000eb400000, 0x00000000ec380000, 0x0000000100000000)
  eden space 11264K, 66% used [0x00000000eb400000,0x00000000ebb58d88,0x00000000ebf00000)
  from space 128K, 100% used [0x00000000ebf30000,0x00000000ebf50000,0x00000000ebf50000)
  to   space 2304K, 0% used [0x00000000ec140000,0x00000000ec140000,0x00000000ec380000)
 PSOldGen        total 42496K, used 3172K [0x00000000c1c00000, 0x00000000c4580000, 0x00000000eb400000)
  object space 42496K, 7% used [0x00000000c1c00000,0x00000000c1f19350,0x00000000c4580000)
 PSPermGen       total 21248K, used 7179K [0x00000000bca00000, 0x00000000bdec0000, 0x00000000c1c00000)
  object space 21248K, 33% used [0x00000000bca00000,0x00000000bd102fe8,0x00000000bdec0000)

Code Cache  [0x00000000024e0000, 0x0000000002750000, 0x00000000054e0000)
 total_blobs=594 nmethods=166 adapters=380 free_code_cache=48363Kb largest_free_block=49502592

Dynamic libraries:
0x000007f79c990000 - 0x000007f79c9c3000 	C:\Program Files\Java\jre7\bin\javaw.exe
0x000007f8e8720000 - 0x000007f8e88de000 	C:\Windows\SYSTEM32\ntdll.dll
0x000007f8e5d20000 - 0x000007f8e5e57000 	C:\Windows\system32\KERNEL32.DLL
0x000007f8e5660000 - 0x000007f8e5754000 	C:\Windows\system32\KERNELBASE.dll
0x0000000053700000 - 0x0000000053794000 	C:\Program Files\Bitdefender\Bitdefender 2015\Active Virus Control\Avc3_00285_005\avcuf64.dll
0x000007f8e82e0000 - 0x000007f8e83be000 	C:\Windows\system32\ADVAPI32.dll
0x000007f8e7a30000 - 0x000007f8e7b7c000 	C:\Windows\system32\USER32.dll
0x000007f8e2070000 - 0x000007f8e22da000 	C:\Windows\WinSxS\amd64_microsoft.windows.common-controls_6595b64144ccf1df_6.0.9200.16579_none_418ab7ef718b27ef\COMCTL32.dll
0x000007f8e8470000 - 0x000007f8e8515000 	C:\Windows\system32\msvcrt.dll
0x000007f8e8420000 - 0x000007f8e8468000 	C:\Windows\SYSTEM32\sechost.dll
0x000007f8e7e70000 - 0x000007f8e7fb5000 	C:\Windows\system32\RPCRT4.dll
0x000007f8e7620000 - 0x000007f8e7761000 	C:\Windows\system32\GDI32.dll
0x000007f8e7bf0000 - 0x000007f8e7c29000 	C:\Windows\system32\IMM32.DLL
0x000007f8e7fc0000 - 0x000007f8e80d6000 	C:\Windows\system32\MSCTF.dll
0x0000000051e80000 - 0x0000000051f51000 	C:\Program Files\Java\jre7\bin\msvcr100.dll
0x0000000052110000 - 0x00000000527de000 	C:\Program Files\Java\jre7\bin\server\jvm.dll
0x000007f8cba20000 - 0x000007f8cba29000 	C:\Windows\SYSTEM32\WSOCK32.dll
0x000007f8e4770000 - 0x000007f8e4790000 	C:\Windows\SYSTEM32\WINMM.dll
0x000007f8e7a20000 - 0x000007f8e7a27000 	C:\Windows\system32\PSAPI.DLL
0x000007f8e80e0000 - 0x000007f8e8138000 	C:\Windows\system32\WS2_32.dll
0x000007f8e4720000 - 0x000007f8e4753000 	C:\Windows\SYSTEM32\WINMMBASE.dll
0x000007f8e8710000 - 0x000007f8e8719000 	C:\Windows\system32\NSI.dll
0x000007f8e5760000 - 0x000007f8e57af000 	C:\Windows\SYSTEM32\cfgmgr32.dll
0x000007f8e5860000 - 0x000007f8e5882000 	C:\Windows\system32\DEVOBJ.dll
0x0000000052100000 - 0x000000005210f000 	C:\Program Files\Java\jre7\bin\verify.dll
0x00000000520d0000 - 0x00000000520f8000 	C:\Program Files\Java\jre7\bin\java.dll
0x00000000520b0000 - 0x00000000520c5000 	C:\Program Files\Java\jre7\bin\zip.dll
0x0000000065580000 - 0x0000000065616000 	C:\Users\sachavent\AppData\Local\Temp\libgdxsachavent\1c1933b0\gdx64.dll
0x000007f8e4e40000 - 0x000007f8e4e5a000 	C:\Windows\SYSTEM32\CRYPTSP.dll
0x000007f8e4ae0000 - 0x000007f8e4b2b000 	C:\Windows\system32\rsaenh.dll
0x000007f8e5ad0000 - 0x000007f8e5aef000 	C:\Windows\system32\USERENV.dll
0x000007f8e5620000 - 0x000007f8e5635000 	C:\Windows\system32\profapi.dll
0x000007f8e53d0000 - 0x000007f8e53da000 	C:\Windows\SYSTEM32\CRYPTBASE.dll
0x000007f8e5370000 - 0x000007f8e53cc000 	C:\Windows\SYSTEM32\bcryptPrimitives.dll
0x0000000052090000 - 0x00000000520a9000 	C:\Program Files\Java\jre7\bin\net.dll
0x000007f8e4de0000 - 0x000007f8e4e3c000 	C:\Windows\system32\mswsock.dll
0x000007f8dbc10000 - 0x000007f8dbc24000 	C:\Windows\system32\napinsp.dll
0x000007f8dbbf0000 - 0x000007f8dbc08000 	C:\Windows\system32\pnrpnsp.dll
0x000007f8e2b20000 - 0x000007f8e2b36000 	C:\Windows\system32\NLAapi.dll
0x000007f8e4c20000 - 0x000007f8e4cbc000 	C:\Windows\SYSTEM32\DNSAPI.dll
0x000007f8dbbd0000 - 0x000007f8dbbe2000 	C:\Windows\System32\winrnr.dll
0x000007f8dbbb0000 - 0x000007f8dbbc4000 	C:\Windows\system32\wshbth.dll
0x000007f8d52d0000 - 0x000007f8d52d8000 	C:\Windows\System32\rasadhlp.dll
0x000007f8e4790000 - 0x000007f8e47ba000 	C:\Windows\SYSTEM32\IPHLPAPI.DLL
0x000007f8e4760000 - 0x000007f8e476a000 	C:\Windows\SYSTEM32\WINNSI.DLL
0x000007f8dff20000 - 0x000007f8dff81000 	C:\Windows\System32\fwpuclnt.dll
0x0000000052070000 - 0x0000000052081000 	C:\Program Files\Java\jre7\bin\nio.dll
0x0000000180000000 - 0x0000000180053000 	C:\Users\sachavent\AppData\Local\Temp\libgdxsachavent\dc0f0009\lwjgl64.dll
0x000007f8cbb50000 - 0x000007f8cbc6f000 	C:\Windows\SYSTEM32\OPENGL32.dll
0x000007f8e46b0000 - 0x000007f8e46b9000 	C:\Windows\SYSTEM32\VERSION.dll
0x000007f8cfe30000 - 0x000007f8cfe5c000 	C:\Windows\SYSTEM32\GLU32.dll
0x000007f8cba60000 - 0x000007f8cbb4a000 	C:\Windows\SYSTEM32\DDRAW.dll
0x000007f8e1470000 - 0x000007f8e1478000 	C:\Windows\SYSTEM32\DCIMAN32.dll
0x0000000007600000 - 0x0000000007664000 	C:\Users\SACHAV~1\AppData\Local\Temp\libgdxsachavent\dc0f0009\OpenAL64.dll
0x000007f8e61a0000 - 0x000007f8e7482000 	C:\Windows\system32\SHELL32.dll
0x000007f8e7490000 - 0x000007f8e760e000 	C:\Windows\system32\ole32.dll
0x000007f8e77d0000 - 0x000007f8e7980000 	C:\Windows\SYSTEM32\combase.dll
0x000007f8e83c0000 - 0x000007f8e8410000 	C:\Windows\system32\SHLWAPI.dll
0x000007f8e4610000 - 0x000007f8e46a5000 	C:\Windows\SYSTEM32\SHCORE.dll
0x000007f8e2f30000 - 0x000007f8e3016000 	C:\Windows\system32\uxtheme.dll
0x000007f8e7980000 - 0x000007f8e7a16000 	C:\Windows\SYSTEM32\clbcatq.dll
0x000007f8e7c30000 - 0x000007f8e7cf3000 	C:\Windows\system32\OLEAUT32.dll
0x000007f8ccd80000 - 0x000007f8cce0b000 	C:\Windows\SYSTEM32\dsound.dll
0x000007f8e5530000 - 0x000007f8e5573000 	C:\Windows\SYSTEM32\POWRPROF.dll
0x000007f8e1530000 - 0x000007f8e1592000 	C:\Windows\System32\MMDevApi.dll
0x000007f8ccab0000 - 0x000007f8ccb22000 	C:\Windows\SYSTEM32\AUDIOSES.DLL
0x000007f8e22e0000 - 0x000007f8e2301000 	C:\Windows\SYSTEM32\dwmapi.dll
0x000007f8c6030000 - 0x000007f8c6b59000 	C:\Windows\SYSTEM32\ig7icd64.dll
0x000007f8c85b0000 - 0x000007f8c8641000 	C:\Windows\SYSTEM32\mscms.dll
0x000007f8c9330000 - 0x000007f8c9370000 	C:\Windows\SYSTEM32\icm32.dll
0x0000000066bc0000 - 0x0000000066c7b000 	C:\Users\sachavent\AppData\Local\Temp\libgdxsachavent\33bebcb\gdx-box2d64.dll

VM Arguments:
jvm_args: -Dfile.encoding=Cp1252 
java_command: com.mygdx.game.desktop.DesktopLauncher
Launcher Type: SUN_STANDARD

Environment Variables:
PATH=C:/Program Files/Java/jre7/bin/server;C:/Program Files/Java/jre7/bin;C:/Program Files/Java/jre7/lib/amd64;C:\Program Files\Java\jre7\bin;C:\Users\sachavent\Documents\eclipse-java-luna-SR1-win32-x86_64\eclipse;
USERNAME=sachavent
OS=Windows_NT
PROCESSOR_IDENTIFIER=Intel64 Family 6 Model 58 Stepping 9, GenuineIntel



---------------  S Y S T E M  ---------------

OS: Windows NT 6.2 Build 9200 

CPU:total 4 (2 cores per cpu, 2 threads per core) family 6 model 58 stepping 9, cmov, cx8, fxsr, mmx, sse, sse2, sse3, ssse3, sse4.1, sse4.2, popcnt, ht

Memory: 4k page, physical 4077452k(839416k free), swap 7557756k(3727132k free)

vm_info: Java HotSpot(TM) 64-Bit Server VM (21.0-b17) for windows-amd64 JRE (1.7.0-b147), built on Jun 27 2011 02:19:45 by "java_re" with unknown MS VC++:1600

time: Mon Jan 19 08:40:14 2015
elapsed time: 104 seconds

