#
# A fatal error has been detected by the Java Runtime Environment:
#
#  EXCEPTION_ACCESS_VIOLATION (0xc0000005) at pc=0x0000000066be00aa, pid=4832, tid=3032
#
# JRE version: 7.0-b147
# Java VM: Java HotSpot(TM) 64-Bit Server VM (21.0-b17 mixed mode windows-amd64 compressed oops)
# Problematic frame:
# C  [gdx-box2d64.dll+0x200aa]
#
# Failed to write core dump. Minidumps are not enabled by default on client versions of Windows
#
# If you would like to submit a bug report, please visit:
#   http://bugreport.sun.com/bugreport/crash.jsp
# The crash happened outside the Java Virtual Machine in native code.
# See problematic frame for where to report the bug.
#

---------------  T H R E A D  ---------------

Current thread (0x0000000006637800):  JavaThread "LWJGL Application" [_thread_in_native, id=3032, stack(0x0000000008420000,0x0000000008520000)]

siginfo: ExceptionCode=0xc0000005, reading address 0x000000000000001c

Registers:
RAX=0x000000000aaec5b0, RBX=0x000000000aaf4a50, RCX=0x0000000000000780, RDX=0x0000000000000000
RSP=0x000000000851f150, RBP=0x000000000aae8640, RSI=0x000000000aae47f0, RDI=0x000000000aae48b0
R8 =0x0000000006637800, R9 =0x00000000064d1160, R10=0x0000000000000000, R11=0x000000000851eff0
R12=0x000000000aae86a0, R13=0x000000000aacff10, R14=0x0000000000000000, R15=0x0000000000000000
RIP=0x0000000066be00aa, EFLAGS=0x0000000000010202

Top of Stack: (sp=0x000000000851f150)
0x000000000851f150:   000000000aad0ab0 000000000aacff10
0x000000000851f160:   0000000000000010 0000000000000013
0x000000000851f170:   000000003f7a4bf8 0000000000000000
0x000000000851f180:   0000000000000000 0000000000000000
0x000000000851f190:   0000000000000000 000000000aab6c70
0x000000000851f1a0:   000000000851f210 000000000851f200
0x000000000851f1b0:   000000000aacff10 0000000000000006
0x000000000851f1c0:   00000000bd008710 000000000851f3f0
0x000000000851f1d0:   0000000006637800 0000000066be4b66
0x000000000851f1e0:   000000000851f1d0 00000000bced7984
0x000000000851f1f0:   000000000851f240 00000000bced7e00
0x000000000851f200:   41de655ce3400000 00000000bced79b8
0x000000000851f210:   41de655cf4400000 000000000851f238
0x000000000851f220:   426ddf203c89c148 000000063f7a4bf8
0x000000000851f230:   0000000100000002 00000000eb8dfcc8
0x000000000851f240:   000000003c89c148 0000000000000000 

Instructions: (pc=0x0000000066be00aa)
0x0000000066be008a:   17 85 d2 0f 84 de 00 00 00 49 63 d6 49 63 c7 48
0x0000000066be009a:   c1 e2 05 48 03 55 28 48 c1 e0 05 49 03 44 24 28
0x0000000066be00aa:   48 63 72 1c 48 63 78 1c 85 f6 78 06 41 3b 75 14
0x0000000066be00ba:   7c 19 48 8d 15 6d 82 03 00 48 8d 0d 8e 82 03 00 


Register to memory mapping:

RAX=0x000000000aaec5b0 is an unknown value
RBX=0x000000000aaf4a50 is an unknown value
RCX=0x0000000000000780 is an unknown value
RDX=0x0000000000000000 is an unknown value
RSP=0x000000000851f150 is pointing into the stack for thread: 0x0000000006637800
RBP=0x000000000aae8640 is an unknown value
RSI=0x000000000aae47f0 is an unknown value
RDI=0x000000000aae48b0 is an unknown value
R8 =0x0000000006637800 is a thread
R9 =0x00000000064d1160 is an unknown value
R10=0x0000000000000000 is an unknown value
R11=0x000000000851eff0 is pointing into the stack for thread: 0x0000000006637800
R12=0x000000000aae86a0 is an unknown value
R13=0x000000000aacff10 is an unknown value
R14=0x0000000000000000 is an unknown value
R15=0x0000000000000000 is an unknown value


Stack: [0x0000000008420000,0x0000000008520000],  sp=0x000000000851f150,  free space=1020k
Native frames: (J=compiled Java code, j=interpreted, Vv=VM code, C=native code)
C  [gdx-box2d64.dll+0x200aa]

Java frames: (J=compiled Java code, j=interpreted, Vv=VM code)
j  com.badlogic.gdx.physics.box2d.World.jniStep(JFII)V+0
J  com.mygdx.game.desktop.Game.render()V
j  com.badlogic.gdx.backends.lwjgl.LwjglApplication.mainLoop()V+632
j  com.badlogic.gdx.backends.lwjgl.LwjglApplication$1.run()V+27
v  ~StubRoutines::call_stub

---------------  P R O C E S S  ---------------

Java Threads: ( => current thread )
  0x0000000007796000 JavaThread "LWJGL Timer" daemon [_thread_blocked, id=4240, stack(0x000000000cf00000,0x000000000d000000)]
  0x0000000002c3d800 JavaThread "DestroyJavaVM" [_thread_blocked, id=4692, stack(0x0000000002a70000,0x0000000002b70000)]
=>0x0000000006637800 JavaThread "LWJGL Application" [_thread_in_native, id=3032, stack(0x0000000008420000,0x0000000008520000)]
  0x0000000006557000 JavaThread "Service Thread" daemon [_thread_blocked, id=4416, stack(0x0000000007300000,0x0000000007400000)]
  0x000000000654f000 JavaThread "C2 CompilerThread1" daemon [_thread_blocked, id=6136, stack(0x0000000007200000,0x0000000007300000)]
  0x0000000006544000 JavaThread "C2 CompilerThread0" daemon [_thread_blocked, id=5412, stack(0x0000000007100000,0x0000000007200000)]
  0x0000000006543000 JavaThread "Attach Listener" daemon [_thread_blocked, id=4456, stack(0x0000000007000000,0x0000000007100000)]
  0x0000000006540000 JavaThread "Signal Dispatcher" daemon [_thread_blocked, id=2932, stack(0x0000000006f00000,0x0000000007000000)]
  0x00000000064db000 JavaThread "Finalizer" daemon [_thread_blocked, id=6116, stack(0x0000000006e00000,0x0000000006f00000)]
  0x00000000064d8000 JavaThread "Reference Handler" daemon [_thread_blocked, id=5532, stack(0x0000000006d00000,0x0000000006e00000)]

Other Threads:
  0x00000000064cc800 VMThread [stack: 0x0000000006c00000,0x0000000006d00000] [id=4684]
  0x0000000006571800 WatcherThread [stack: 0x0000000007400000,0x0000000007500000] [id=1352]

VM state:not at safepoint (normal execution)

VM Mutex/Monitor currently owned by a thread: None

Heap
 PSYoungGen      total 18624K, used 11122K [0x00000000eb400000, 0x00000000ec8c0000, 0x0000000100000000)
  eden space 16000K, 69% used [0x00000000eb400000,0x00000000ebedca08,0x00000000ec3a0000)
  from space 2624K, 0% used [0x00000000ec630000,0x00000000ec630000,0x00000000ec8c0000)
  to   space 2624K, 0% used [0x00000000ec3a0000,0x00000000ec3a0000,0x00000000ec630000)
 PSOldGen        total 42496K, used 0K [0x00000000c1c00000, 0x00000000c4580000, 0x00000000eb400000)
  object space 42496K, 0% used [0x00000000c1c00000,0x00000000c1c00000,0x00000000c4580000)
 PSPermGen       total 21248K, used 6894K [0x00000000bca00000, 0x00000000bdec0000, 0x00000000c1c00000)
  object space 21248K, 32% used [0x00000000bca00000,0x00000000bd0bb820,0x00000000bdec0000)

Code Cache  [0x0000000002d40000, 0x0000000002fb0000, 0x0000000005d40000)
 total_blobs=575 nmethods=156 adapters=371 free_code_cache=48361Kb largest_free_block=49496960

Dynamic libraries:
0x000007f7d3f60000 - 0x000007f7d3f93000 	C:\Program Files\Java\jre7\bin\javaw.exe
0x000007f8e8720000 - 0x000007f8e88de000 	C:\Windows\SYSTEM32\ntdll.dll
0x000007f8e5d20000 - 0x000007f8e5e57000 	C:\Windows\system32\KERNEL32.DLL
0x000007f8e5660000 - 0x000007f8e5754000 	C:\Windows\system32\KERNELBASE.dll
0x0000000053700000 - 0x0000000053794000 	C:\Program Files\Bitdefender\Bitdefender 2015\Active Virus Control\Avc3_00285_005\avcuf64.dll
0x000007f8e82e0000 - 0x000007f8e83be000 	C:\Windows\system32\ADVAPI32.dll
0x000007f8e7a30000 - 0x000007f8e7b7c000 	C:\Windows\system32\USER32.dll
0x000007f8e2070000 - 0x000007f8e22da000 	C:\Windows\WinSxS\amd64_microsoft.windows.common-controls_6595b64144ccf1df_6.0.9200.16579_none_418ab7ef718b27ef\COMCTL32.dll
0x000007f8e8470000 - 0x000007f8e8515000 	C:\Windows\system32\msvcrt.dll
0x000007f8e8420000 - 0x000007f8e8468000 	C:\Windows\SYSTEM32\sechost.dll
0x000007f8e7e70000 - 0x000007f8e7fb5000 	C:\Windows\system32\RPCRT4.dll
0x000007f8e7620000 - 0x000007f8e7761000 	C:\Windows\system32\GDI32.dll
0x000007f8e7bf0000 - 0x000007f8e7c29000 	C:\Windows\system32\IMM32.DLL
0x000007f8e7fc0000 - 0x000007f8e80d6000 	C:\Windows\system32\MSCTF.dll
0x0000000051e70000 - 0x0000000051f41000 	C:\Program Files\Java\jre7\bin\msvcr100.dll
0x0000000052110000 - 0x00000000527de000 	C:\Program Files\Java\jre7\bin\server\jvm.dll
0x000007f8cba20000 - 0x000007f8cba29000 	C:\Windows\SYSTEM32\WSOCK32.dll
0x000007f8e4770000 - 0x000007f8e4790000 	C:\Windows\SYSTEM32\WINMM.dll
0x000007f8e7a20000 - 0x000007f8e7a27000 	C:\Windows\system32\PSAPI.DLL
0x000007f8e80e0000 - 0x000007f8e8138000 	C:\Windows\system32\WS2_32.dll
0x000007f8e4720000 - 0x000007f8e4753000 	C:\Windows\SYSTEM32\WINMMBASE.dll
0x000007f8e8710000 - 0x000007f8e8719000 	C:\Windows\system32\NSI.dll
0x000007f8e5760000 - 0x000007f8e57af000 	C:\Windows\SYSTEM32\cfgmgr32.dll
0x000007f8e5860000 - 0x000007f8e5882000 	C:\Windows\system32\DEVOBJ.dll
0x0000000052100000 - 0x000000005210f000 	C:\Program Files\Java\jre7\bin\verify.dll
0x00000000520d0000 - 0x00000000520f8000 	C:\Program Files\Java\jre7\bin\java.dll
0x00000000520b0000 - 0x00000000520c5000 	C:\Program Files\Java\jre7\bin\zip.dll
0x0000000065580000 - 0x0000000065616000 	C:\Users\sachavent\AppData\Local\Temp\libgdxsachavent\1c1933b0\gdx64.dll
0x000007f8e4e40000 - 0x000007f8e4e5a000 	C:\Windows\SYSTEM32\CRYPTSP.dll
0x000007f8e4ae0000 - 0x000007f8e4b2b000 	C:\Windows\system32\rsaenh.dll
0x000007f8e5ad0000 - 0x000007f8e5aef000 	C:\Windows\system32\USERENV.dll
0x000007f8e5620000 - 0x000007f8e5635000 	C:\Windows\system32\profapi.dll
0x000007f8e53d0000 - 0x000007f8e53da000 	C:\Windows\SYSTEM32\CRYPTBASE.dll
0x000007f8e5370000 - 0x000007f8e53cc000 	C:\Windows\SYSTEM32\bcryptPrimitives.dll
0x0000000052090000 - 0x00000000520a9000 	C:\Program Files\Java\jre7\bin\net.dll
0x000007f8e4de0000 - 0x000007f8e4e3c000 	C:\Windows\system32\mswsock.dll
0x000007f8dbc10000 - 0x000007f8dbc24000 	C:\Windows\system32\napinsp.dll
0x000007f8dbbf0000 - 0x000007f8dbc08000 	C:\Windows\system32\pnrpnsp.dll
0x000007f8e2b20000 - 0x000007f8e2b36000 	C:\Windows\system32\NLAapi.dll
0x000007f8e4c20000 - 0x000007f8e4cbc000 	C:\Windows\SYSTEM32\DNSAPI.dll
0x000007f8dbbd0000 - 0x000007f8dbbe2000 	C:\Windows\System32\winrnr.dll
0x000007f8dbbb0000 - 0x000007f8dbbc4000 	C:\Windows\system32\wshbth.dll
0x000007f8d52d0000 - 0x000007f8d52d8000 	C:\Windows\System32\rasadhlp.dll
0x000007f8e4790000 - 0x000007f8e47ba000 	C:\Windows\SYSTEM32\IPHLPAPI.DLL
0x000007f8e4760000 - 0x000007f8e476a000 	C:\Windows\SYSTEM32\WINNSI.DLL
0x000007f8dff20000 - 0x000007f8dff81000 	C:\Windows\System32\fwpuclnt.dll
0x0000000052070000 - 0x0000000052081000 	C:\Program Files\Java\jre7\bin\nio.dll
0x0000000180000000 - 0x0000000180053000 	C:\Users\sachavent\AppData\Local\Temp\libgdxsachavent\dc0f0009\lwjgl64.dll
0x000007f8ca650000 - 0x000007f8ca76f000 	C:\Windows\SYSTEM32\OPENGL32.dll
0x000007f8e46b0000 - 0x000007f8e46b9000 	C:\Windows\SYSTEM32\VERSION.dll
0x000007f8cb0c0000 - 0x000007f8cb0ec000 	C:\Windows\SYSTEM32\GLU32.dll
0x000007f8ca560000 - 0x000007f8ca64a000 	C:\Windows\SYSTEM32\DDRAW.dll
0x000007f8cb6a0000 - 0x000007f8cb6a8000 	C:\Windows\SYSTEM32\DCIMAN32.dll
0x0000000007d20000 - 0x0000000007d84000 	C:\Users\SACHAV~1\AppData\Local\Temp\libgdxsachavent\dc0f0009\OpenAL64.dll
0x000007f8e61a0000 - 0x000007f8e7482000 	C:\Windows\system32\SHELL32.dll
0x000007f8e7490000 - 0x000007f8e760e000 	C:\Windows\system32\ole32.dll
0x000007f8e77d0000 - 0x000007f8e7980000 	C:\Windows\SYSTEM32\combase.dll
0x000007f8e83c0000 - 0x000007f8e8410000 	C:\Windows\system32\SHLWAPI.dll
0x000007f8e4610000 - 0x000007f8e46a5000 	C:\Windows\SYSTEM32\SHCORE.dll
0x000007f8e2f30000 - 0x000007f8e3016000 	C:\Windows\system32\uxtheme.dll
0x000007f8e7980000 - 0x000007f8e7a16000 	C:\Windows\SYSTEM32\clbcatq.dll
0x000007f8e7c30000 - 0x000007f8e7cf3000 	C:\Windows\system32\OLEAUT32.dll
0x000007f8d27c0000 - 0x000007f8d284b000 	C:\Windows\SYSTEM32\dsound.dll
0x000007f8e5530000 - 0x000007f8e5573000 	C:\Windows\SYSTEM32\POWRPROF.dll
0x000007f8e1530000 - 0x000007f8e1592000 	C:\Windows\System32\MMDevApi.dll
0x000007f8ccab0000 - 0x000007f8ccb22000 	C:\Windows\SYSTEM32\AUDIOSES.DLL
0x000007f8e22e0000 - 0x000007f8e2301000 	C:\Windows\SYSTEM32\dwmapi.dll
0x000007f8c37e0000 - 0x000007f8c4309000 	C:\Windows\SYSTEM32\ig7icd64.dll
0x000007f8dd500000 - 0x000007f8dd591000 	C:\Windows\SYSTEM32\mscms.dll
0x000007f8de010000 - 0x000007f8de050000 	C:\Windows\SYSTEM32\icm32.dll
0x0000000066bc0000 - 0x0000000066c7b000 	C:\Users\sachavent\AppData\Local\Temp\libgdxsachavent\33bebcb\gdx-box2d64.dll

VM Arguments:
jvm_args: -Dfile.encoding=Cp1252 
java_command: com.mygdx.game.desktop.DesktopLauncher
Launcher Type: SUN_STANDARD

Environment Variables:
PATH=C:/Program Files/Java/jre7/bin/server;C:/Program Files/Java/jre7/bin;C:/Program Files/Java/jre7/lib/amd64;C:\Program Files\Java\jre7\bin;C:\Users\sachavent\Documents\eclipse-java-luna-SR1-win32-x86_64\eclipse;
USERNAME=sachavent
OS=Windows_NT
PROCESSOR_IDENTIFIER=Intel64 Family 6 Model 58 Stepping 9, GenuineIntel



---------------  S Y S T E M  ---------------

OS: Windows NT 6.2 Build 9200 

CPU:total 4 (2 cores per cpu, 2 threads per core) family 6 model 58 stepping 9, cmov, cx8, fxsr, mmx, sse, sse2, sse3, ssse3, sse4.1, sse4.2, popcnt, ht

Memory: 4k page, physical 4077452k(1848052k free), swap 6174604k(3240668k free)

vm_info: Java HotSpot(TM) 64-Bit Server VM (21.0-b17) for windows-amd64 JRE (1.7.0-b147), built on Jun 27 2011 02:19:45 by "java_re" with unknown MS VC++:1600

time: Sun Jan 18 18:14:01 2015
elapsed time: 68 seconds

