#
# A fatal error has been detected by the Java Runtime Environment:
#
#  EXCEPTION_ACCESS_VIOLATION (0xc0000005) at pc=0x0000000066be00aa, pid=3176, tid=4116
#
# JRE version: 7.0-b147
# Java VM: Java HotSpot(TM) 64-Bit Server VM (21.0-b17 mixed mode windows-amd64 compressed oops)
# Problematic frame:
# C  [gdx-box2d64.dll+0x200aa]
#
# Failed to write core dump. Minidumps are not enabled by default on client versions of Windows
#
# If you would like to submit a bug report, please visit:
#   http://bugreport.sun.com/bugreport/crash.jsp
# The crash happened outside the Java Virtual Machine in native code.
# See problematic frame for where to report the bug.
#

---------------  T H R E A D  ---------------

Current thread (0x0000000006a0d800):  JavaThread "LWJGL Application" [_thread_in_native, id=4116, stack(0x0000000007890000,0x0000000007990000)]

siginfo: ExceptionCode=0xc0000005, reading address 0x000000000000001c

Registers:
RAX=0x000000000a04c7b0, RBX=0x000000000a054b30, RCX=0x0000000000000d80, RDX=0x0000000000000000
RSP=0x000000000798eff0, RBP=0x000000000a0488e0, RSI=0x000000000a044d30, RDI=0x000000000a044eb0
R8 =0x0000000006a0d800, R9 =0x00000000058cd160, R10=0x0000000000000000, R11=0x000000000798ee90
R12=0x000000000a0489a0, R13=0x000000000a02ff10, R14=0x0000000000000000, R15=0x0000000000000000
RIP=0x0000000066be00aa, EFLAGS=0x0000000000010202

Top of Stack: (sp=0x000000000798eff0)
0x000000000798eff0:   000000000a030ab0 000000000a02ff10
0x000000000798f000:   0000000000000010 0000000000000019
0x000000000798f010:   000000003f7fd333 0000000000000000
0x000000000798f020:   0000000000000000 0000000000000000
0x000000000798f030:   0000000000000000 000000000a016c70
0x000000000798f040:   000000000798f0b0 000000000798f0a0
0x000000000798f050:   000000000a02ff10 0000000000000006
0x000000000798f060:   00000000bd0085f0 000000000798f290
0x000000000798f070:   0000000006a0d800 0000000066be4b66
0x000000000798f080:   000000000798f100 0000000002086213
0x000000000798f090:   000000000798f100 0000000002086213
0x000000000798f0a0:   41dc40e75ec00000 00000000eb8dee20
0x000000000798f0b0:   41dc40e7c3400000 0000000000000000
0x000000000798f0c0:   426ff23c3c88905e 000000063f7fd333
0x000000000798f0d0:   0000000100000002 00000000bced7e00
0x000000000798f0e0:   000000003c88905e 0000000000000000 

Instructions: (pc=0x0000000066be00aa)
0x0000000066be008a:   17 85 d2 0f 84 de 00 00 00 49 63 d6 49 63 c7 48
0x0000000066be009a:   c1 e2 05 48 03 55 28 48 c1 e0 05 49 03 44 24 28
0x0000000066be00aa:   48 63 72 1c 48 63 78 1c 85 f6 78 06 41 3b 75 14
0x0000000066be00ba:   7c 19 48 8d 15 6d 82 03 00 48 8d 0d 8e 82 03 00 


Register to memory mapping:

RAX=0x000000000a04c7b0 is an unknown value
RBX=0x000000000a054b30 is an unknown value
RCX=0x0000000000000d80 is an unknown value
RDX=0x0000000000000000 is an unknown value
RSP=0x000000000798eff0 is pointing into the stack for thread: 0x0000000006a0d800
RBP=0x000000000a0488e0 is an unknown value
RSI=0x000000000a044d30 is an unknown value
RDI=0x000000000a044eb0 is an unknown value
R8 =0x0000000006a0d800 is a thread
R9 =0x00000000058cd160 is an unknown value
R10=0x0000000000000000 is an unknown value
R11=0x000000000798ee90 is pointing into the stack for thread: 0x0000000006a0d800
R12=0x000000000a0489a0 is an unknown value
R13=0x000000000a02ff10 is an unknown value
R14=0x0000000000000000 is an unknown value
R15=0x0000000000000000 is an unknown value


Stack: [0x0000000007890000,0x0000000007990000],  sp=0x000000000798eff0,  free space=1019k
Native frames: (J=compiled Java code, j=interpreted, Vv=VM code, C=native code)
C  [gdx-box2d64.dll+0x200aa]
C  0x0000000000000000
C  0x0000000000000000
C  0x0a0c00fcfcfb0000
C  0x0000000000000000
C  0x0000000000000000
C  0x0000000000000000
C  0x0000000000000000
C  0x0000000000000000
C  0x0000000000000000
C  0x00ffffff00ffffff
C  0x00ffffff00ffffff
C  0x00ffffff00ffffff
C  0x00ffffff00ffffff
C  0x00ffffff00ffffff
C  0x00ffffff00ffffff
C  0x68979597ff000000
C  0x00ffffff00ffffff
C  0x00ffffff67aba9a7
C  0x00ffffff00ffffff
C  0x00ffffff00ffffff
C  0xff415260ff1a5685
C  0x00ffffff00ffffff
C  0x00ffffff59b6b3b0
C  0x00ffffff00ffffff
C  0x00ffffff00ffffff
C  0xff144f7aff1b4a6a
C  0x00ffffff00ffffff
C  0x00ffffff5cb5b1ad
C  0x00ffffff00ffffff
C  0x00ffffff00ffffff
C  0xff2c74a6ff1b4e6c
C  0x00ffffff00ffffff
C  0x00ffffff59b6b1af
C  0x00ffffff00ffffff
C  0x00ffffff00ffffff
C  0xff4398d3ff225679
C  0x00ffffff00ffffff
C  0x00ffffff4ebab9b6
C  0x00ffffff00ffffff
C  0x4cb5b0aa00ffffff
C  0xff31739bff3d89b7
C  0x00ffffff00ffffff
C  0x00ffffff76a2a0a0
C  0x00ffffff00ffffff
C  0xb65c616600ffffff
C  0xff235d7eff52aee5
C  0x00ffffff00ffffff
C  0x00ffffff55b7b3b1
C  0x00ffffff00ffffff
C  0xff133a6300ffffff
C  0xff2b668aff64c8ff
C  0x00ffffff00ffffff
C  0x00ffffff67afaaa8
C  0x00ffffff00ffffff
C  0xff0000004ea7a8a8
C  0xff378bc0ff6bddff
C  0x00ffffff00ffffff
C  0x00ffffff67afaba8
C  0x00ffffff00ffffff
C  0xff00000024c6c7c8
C  0xff5b6062ff6ad0ff
C  0x00ffffff00ffffff
C  0x00ffffff43c2bfbc
C  0x00ffffff00ffffff
C  0xff908f91629c9a99
C  0xff443d39ff554f4f
C  0x00ffffff00ffffff
C  0x00ffffff9497928f
C  0x00ffffff00ffffff
C  0xff454343ff2a2725
C  0xff242323ff2a1810
C  0x00ffffff00ffffff
C  0x00ffffff9f918d89
C  0x00ffffff00ffffff
C  0xff0b0a0aff100f0e
C  0xff3b3a3aff39271f
C  0x00ffffff00ffffff
C  0x00ffffff9496928f
C  0xdb4b4743ff060504
C  0xff030404ff080707
C  0xff4b4949ff3b2a20
C  0x00ffffff00ffffff
C  0x00ffffffd6726e6c
C  0xff0d182dff000000
C  0xff777773ff6b6978
C  0xff5c5a5aff38261c
C  0x5f9c9d9e00ffffff
C  0xff8c8c8dff545350
C  0xff379fffff4c91d0
C  0xff513231ff170d00
C  0xff5d5c5bff433128
C  0xe6433d3a00ffffff
C  0xff3e3e3dff3a3a3a
C  0xff4db5ffff4db5fe
C  0xff520000ff6196ae
C  0xff605e5dff423029
C  0x8c827e7c00ffffff
C  0xff545353ff323232
C  0xff58beffff65c5ff
...<more frames>...

Java frames: (J=compiled Java code, j=interpreted, Vv=VM code)
j  com.badlogic.gdx.physics.box2d.World.jniStep(JFII)V+0
J  com.mygdx.game.desktop.Game.render()V
j  com.badlogic.gdx.backends.lwjgl.LwjglApplication.mainLoop()V+632
j  com.badlogic.gdx.backends.lwjgl.LwjglApplication$1.run()V+27
v  ~StubRoutines::call_stub

---------------  P R O C E S S  ---------------

Java Threads: ( => current thread )
  0x0000000005aae000 JavaThread "LWJGL Timer" daemon [_thread_blocked, id=2196, stack(0x000000000c460000,0x000000000c560000)]
  0x0000000001f7d800 JavaThread "DestroyJavaVM" [_thread_blocked, id=2176, stack(0x0000000001e30000,0x0000000001f30000)]
=>0x0000000006a0d800 JavaThread "LWJGL Application" [_thread_in_native, id=4116, stack(0x0000000007890000,0x0000000007990000)]
  0x0000000005956000 JavaThread "Service Thread" daemon [_thread_blocked, id=3704, stack(0x0000000006710000,0x0000000006810000)]
  0x000000000594e800 JavaThread "C2 CompilerThread1" daemon [_thread_blocked, id=4660, stack(0x0000000006610000,0x0000000006710000)]
  0x0000000005943000 JavaThread "C2 CompilerThread0" daemon [_thread_blocked, id=5912, stack(0x0000000006510000,0x0000000006610000)]
  0x0000000005941800 JavaThread "Attach Listener" daemon [_thread_blocked, id=1836, stack(0x0000000006410000,0x0000000006510000)]
  0x000000000593e800 JavaThread "Signal Dispatcher" daemon [_thread_blocked, id=1112, stack(0x0000000006310000,0x0000000006410000)]
  0x00000000058df000 JavaThread "Finalizer" daemon [_thread_blocked, id=4324, stack(0x0000000006210000,0x0000000006310000)]
  0x00000000058d6000 JavaThread "Reference Handler" daemon [_thread_blocked, id=5284, stack(0x0000000006110000,0x0000000006210000)]

Other Threads:
  0x00000000058cc800 VMThread [stack: 0x0000000006010000,0x0000000006110000] [id=5656]
  0x0000000005971000 WatcherThread [stack: 0x0000000006810000,0x0000000006910000] [id=4848]

VM state:not at safepoint (normal execution)

VM Mutex/Monitor currently owned by a thread: None

Heap
 PSYoungGen      total 18624K, used 11114K [0x00000000eb400000, 0x00000000ec8c0000, 0x0000000100000000)
  eden space 16000K, 69% used [0x00000000eb400000,0x00000000ebedaa90,0x00000000ec3a0000)
  from space 2624K, 0% used [0x00000000ec630000,0x00000000ec630000,0x00000000ec8c0000)
  to   space 2624K, 0% used [0x00000000ec3a0000,0x00000000ec3a0000,0x00000000ec630000)
 PSOldGen        total 42496K, used 0K [0x00000000c1c00000, 0x00000000c4580000, 0x00000000eb400000)
  object space 42496K, 0% used [0x00000000c1c00000,0x00000000c1c00000,0x00000000c4580000)
 PSPermGen       total 21248K, used 6864K [0x00000000bca00000, 0x00000000bdec0000, 0x00000000c1c00000)
  object space 21248K, 32% used [0x00000000bca00000,0x00000000bd0b41a0,0x00000000bdec0000)

Code Cache  [0x0000000002080000, 0x00000000022f0000, 0x0000000005080000)
 total_blobs=576 nmethods=157 adapters=371 free_code_cache=48277Kb largest_free_block=49414080

Dynamic libraries:
0x000007f7d3f60000 - 0x000007f7d3f93000 	C:\Program Files\Java\jre7\bin\javaw.exe
0x000007f8e8720000 - 0x000007f8e88de000 	C:\Windows\SYSTEM32\ntdll.dll
0x000007f8e5d20000 - 0x000007f8e5e57000 	C:\Windows\system32\KERNEL32.DLL
0x000007f8e5660000 - 0x000007f8e5754000 	C:\Windows\system32\KERNELBASE.dll
0x0000000053700000 - 0x0000000053794000 	C:\Program Files\Bitdefender\Bitdefender 2015\Active Virus Control\Avc3_00285_005\avcuf64.dll
0x000007f8e82e0000 - 0x000007f8e83be000 	C:\Windows\system32\ADVAPI32.dll
0x000007f8e7a30000 - 0x000007f8e7b7c000 	C:\Windows\system32\USER32.dll
0x000007f8e2070000 - 0x000007f8e22da000 	C:\Windows\WinSxS\amd64_microsoft.windows.common-controls_6595b64144ccf1df_6.0.9200.16579_none_418ab7ef718b27ef\COMCTL32.dll
0x000007f8e8470000 - 0x000007f8e8515000 	C:\Windows\system32\msvcrt.dll
0x000007f8e8420000 - 0x000007f8e8468000 	C:\Windows\SYSTEM32\sechost.dll
0x000007f8e7e70000 - 0x000007f8e7fb5000 	C:\Windows\system32\RPCRT4.dll
0x000007f8e7620000 - 0x000007f8e7761000 	C:\Windows\system32\GDI32.dll
0x000007f8e7bf0000 - 0x000007f8e7c29000 	C:\Windows\system32\IMM32.DLL
0x000007f8e7fc0000 - 0x000007f8e80d6000 	C:\Windows\system32\MSCTF.dll
0x0000000051e70000 - 0x0000000051f41000 	C:\Program Files\Java\jre7\bin\msvcr100.dll
0x0000000052110000 - 0x00000000527de000 	C:\Program Files\Java\jre7\bin\server\jvm.dll
0x000007f8cba20000 - 0x000007f8cba29000 	C:\Windows\SYSTEM32\WSOCK32.dll
0x000007f8e4770000 - 0x000007f8e4790000 	C:\Windows\SYSTEM32\WINMM.dll
0x000007f8e7a20000 - 0x000007f8e7a27000 	C:\Windows\system32\PSAPI.DLL
0x000007f8e80e0000 - 0x000007f8e8138000 	C:\Windows\system32\WS2_32.dll
0x000007f8e4720000 - 0x000007f8e4753000 	C:\Windows\SYSTEM32\WINMMBASE.dll
0x000007f8e8710000 - 0x000007f8e8719000 	C:\Windows\system32\NSI.dll
0x000007f8e5760000 - 0x000007f8e57af000 	C:\Windows\SYSTEM32\cfgmgr32.dll
0x000007f8e5860000 - 0x000007f8e5882000 	C:\Windows\system32\DEVOBJ.dll
0x0000000052100000 - 0x000000005210f000 	C:\Program Files\Java\jre7\bin\verify.dll
0x00000000520d0000 - 0x00000000520f8000 	C:\Program Files\Java\jre7\bin\java.dll
0x00000000520b0000 - 0x00000000520c5000 	C:\Program Files\Java\jre7\bin\zip.dll
0x0000000065580000 - 0x0000000065616000 	C:\Users\sachavent\AppData\Local\Temp\libgdxsachavent\1c1933b0\gdx64.dll
0x000007f8e4e40000 - 0x000007f8e4e5a000 	C:\Windows\SYSTEM32\CRYPTSP.dll
0x000007f8e4ae0000 - 0x000007f8e4b2b000 	C:\Windows\system32\rsaenh.dll
0x000007f8e5ad0000 - 0x000007f8e5aef000 	C:\Windows\system32\USERENV.dll
0x000007f8e5620000 - 0x000007f8e5635000 	C:\Windows\system32\profapi.dll
0x000007f8e53d0000 - 0x000007f8e53da000 	C:\Windows\SYSTEM32\CRYPTBASE.dll
0x000007f8e5370000 - 0x000007f8e53cc000 	C:\Windows\SYSTEM32\bcryptPrimitives.dll
0x0000000052090000 - 0x00000000520a9000 	C:\Program Files\Java\jre7\bin\net.dll
0x000007f8e4de0000 - 0x000007f8e4e3c000 	C:\Windows\system32\mswsock.dll
0x000007f8dbc10000 - 0x000007f8dbc24000 	C:\Windows\system32\napinsp.dll
0x000007f8dbbf0000 - 0x000007f8dbc08000 	C:\Windows\system32\pnrpnsp.dll
0x000007f8e2b20000 - 0x000007f8e2b36000 	C:\Windows\system32\NLAapi.dll
0x000007f8e4c20000 - 0x000007f8e4cbc000 	C:\Windows\SYSTEM32\DNSAPI.dll
0x000007f8dbbd0000 - 0x000007f8dbbe2000 	C:\Windows\System32\winrnr.dll
0x000007f8dbbb0000 - 0x000007f8dbbc4000 	C:\Windows\system32\wshbth.dll
0x000007f8d52d0000 - 0x000007f8d52d8000 	C:\Windows\System32\rasadhlp.dll
0x000007f8e4790000 - 0x000007f8e47ba000 	C:\Windows\SYSTEM32\IPHLPAPI.DLL
0x000007f8e4760000 - 0x000007f8e476a000 	C:\Windows\SYSTEM32\WINNSI.DLL
0x000007f8dff20000 - 0x000007f8dff81000 	C:\Windows\System32\fwpuclnt.dll
0x0000000052070000 - 0x0000000052081000 	C:\Program Files\Java\jre7\bin\nio.dll
0x0000000180000000 - 0x0000000180053000 	C:\Users\sachavent\AppData\Local\Temp\libgdxsachavent\dc0f0009\lwjgl64.dll
0x000007f8ca650000 - 0x000007f8ca76f000 	C:\Windows\SYSTEM32\OPENGL32.dll
0x000007f8e46b0000 - 0x000007f8e46b9000 	C:\Windows\SYSTEM32\VERSION.dll
0x000007f8cb0c0000 - 0x000007f8cb0ec000 	C:\Windows\SYSTEM32\GLU32.dll
0x000007f8ca560000 - 0x000007f8ca64a000 	C:\Windows\SYSTEM32\DDRAW.dll
0x000007f8cb6a0000 - 0x000007f8cb6a8000 	C:\Windows\SYSTEM32\DCIMAN32.dll
0x0000000007170000 - 0x00000000071d4000 	C:\Users\SACHAV~1\AppData\Local\Temp\libgdxsachavent\dc0f0009\OpenAL64.dll
0x000007f8e61a0000 - 0x000007f8e7482000 	C:\Windows\system32\SHELL32.dll
0x000007f8e7490000 - 0x000007f8e760e000 	C:\Windows\system32\ole32.dll
0x000007f8e77d0000 - 0x000007f8e7980000 	C:\Windows\SYSTEM32\combase.dll
0x000007f8e83c0000 - 0x000007f8e8410000 	C:\Windows\system32\SHLWAPI.dll
0x000007f8e4610000 - 0x000007f8e46a5000 	C:\Windows\SYSTEM32\SHCORE.dll
0x000007f8e2f30000 - 0x000007f8e3016000 	C:\Windows\system32\uxtheme.dll
0x000007f8e7980000 - 0x000007f8e7a16000 	C:\Windows\SYSTEM32\clbcatq.dll
0x000007f8e7c30000 - 0x000007f8e7cf3000 	C:\Windows\system32\OLEAUT32.dll
0x000007f8d27c0000 - 0x000007f8d284b000 	C:\Windows\SYSTEM32\dsound.dll
0x000007f8e5530000 - 0x000007f8e5573000 	C:\Windows\SYSTEM32\POWRPROF.dll
0x000007f8e1530000 - 0x000007f8e1592000 	C:\Windows\System32\MMDevApi.dll
0x000007f8ccab0000 - 0x000007f8ccb22000 	C:\Windows\SYSTEM32\AUDIOSES.DLL
0x000007f8e22e0000 - 0x000007f8e2301000 	C:\Windows\SYSTEM32\dwmapi.dll
0x000007f8c37e0000 - 0x000007f8c4309000 	C:\Windows\SYSTEM32\ig7icd64.dll
0x000007f8dd500000 - 0x000007f8dd591000 	C:\Windows\SYSTEM32\mscms.dll
0x000007f8d38b0000 - 0x000007f8d38f0000 	C:\Windows\SYSTEM32\icm32.dll
0x0000000066bc0000 - 0x0000000066c7b000 	C:\Users\sachavent\AppData\Local\Temp\libgdxsachavent\33bebcb\gdx-box2d64.dll

VM Arguments:
jvm_args: -Dfile.encoding=Cp1252 
java_command: com.mygdx.game.desktop.DesktopLauncher
Launcher Type: SUN_STANDARD

Environment Variables:
PATH=C:/Program Files/Java/jre7/bin/server;C:/Program Files/Java/jre7/bin;C:/Program Files/Java/jre7/lib/amd64;C:\Program Files\Java\jre7\bin;C:\Users\sachavent\Documents\eclipse-java-luna-SR1-win32-x86_64\eclipse;
USERNAME=sachavent
OS=Windows_NT
PROCESSOR_IDENTIFIER=Intel64 Family 6 Model 58 Stepping 9, GenuineIntel



---------------  S Y S T E M  ---------------

OS: Windows NT 6.2 Build 9200 

CPU:total 4 (2 cores per cpu, 2 threads per core) family 6 model 58 stepping 9, cmov, cx8, fxsr, mmx, sse, sse2, sse3, ssse3, sse4.1, sse4.2, popcnt, ht

Memory: 4k page, physical 4077452k(1840380k free), swap 6174604k(3226596k free)

vm_info: Java HotSpot(TM) 64-Bit Server VM (21.0-b17) for windows-amd64 JRE (1.7.0-b147), built on Jun 27 2011 02:19:45 by "java_re" with unknown MS VC++:1600

time: Sun Jan 18 18:12:39 2015
elapsed time: 44 seconds

