#
# A fatal error has been detected by the Java Runtime Environment:
#
#  EXCEPTION_ACCESS_VIOLATION (0xc0000005) at pc=0x0000000066be00ae, pid=6288, tid=2884
#
# JRE version: 7.0-b147
# Java VM: Java HotSpot(TM) 64-Bit Server VM (21.0-b17 mixed mode windows-amd64 compressed oops)
# Problematic frame:
# C  [gdx-box2d64.dll+0x200ae]
#
# Failed to write core dump. Minidumps are not enabled by default on client versions of Windows
#
# If you would like to submit a bug report, please visit:
#   http://bugreport.sun.com/bugreport/crash.jsp
# The crash happened outside the Java Virtual Machine in native code.
# See problematic frame for where to report the bug.
#

---------------  T H R E A D  ---------------

Current thread (0x0000000007209800):  JavaThread "LWJGL Application" [_thread_in_native, id=2884, stack(0x00000000081e0000,0x00000000082e0000)]

siginfo: ExceptionCode=0xc0000005, reading address 0x000000000000001c

Registers:
RAX=0x0000000000000000, RBX=0x000000000a8f4c10, RCX=0x0000000000000002, RDX=0x000000000a8ec530
RSP=0x00000000082def70, RBP=0x000000000a8e85e0, RSI=0x0000000000000007, RDI=0x000000000a8e47f0
R8 =0x0000000007209800, R9 =0x000000000611d160, R10=0x0000000000000000, R11=0x00000000082dee10
R12=0x000000000a8e8640, R13=0x000000000a8cff10, R14=0x0000000000000000, R15=0x0000000000000000
RIP=0x0000000066be00ae, EFLAGS=0x0000000000010246

Top of Stack: (sp=0x00000000082def70)
0x00000000082def70:   0000000000000000 00000000eb8dc4b8
0x00000000082def80:   00000000082def80 00000000bca88898
0x00000000082def90:   000000003f82152b 0000000000000000
0x00000000082defa0:   0000000000000000 0000000000000000
0x00000000082defb0:   0000000000000000 000000000a8b6c70
0x00000000082defc0:   00000000082df030 00000000082df020
0x00000000082defd0:   000000000a8cff10 0000000000000006
0x00000000082defe0:   00000000bd008680 00000000082df210
0x00000000082deff0:   0000000007209800 0000000066be4b66
0x00000000082df000:   00000000bcb56378 0000000000000000
0x00000000082df010:   00000000082df028 00000000082df080
0x00000000082df020:   42455fa69e318000 00000000eb8dc4b8
0x00000000082df030:   42455fa69e318000 0000000000000000
0x00000000082df040:   426c76023c8a93a8 000000063f82152b
0x00000000082df050:   0000000100000002 00000000bced7d70
0x00000000082df060:   000000003c8a93a8 0000000000000000 

Instructions: (pc=0x0000000066be00ae)
0x0000000066be008e:   84 de 00 00 00 49 63 d6 49 63 c7 48 c1 e2 05 48
0x0000000066be009e:   03 55 28 48 c1 e0 05 49 03 44 24 28 48 63 72 1c
0x0000000066be00ae:   48 63 78 1c 85 f6 78 06 41 3b 75 14 7c 19 48 8d
0x0000000066be00be:   15 6d 82 03 00 48 8d 0d 8e 82 03 00 41 b8 a4 00 


Register to memory mapping:

RAX=0x0000000000000000 is an unknown value
RBX=0x000000000a8f4c10 is an unknown value
RCX=0x0000000000000002 is an unknown value
RDX=0x000000000a8ec530 is an unknown value
RSP=0x00000000082def70 is pointing into the stack for thread: 0x0000000007209800
RBP=0x000000000a8e85e0 is an unknown value
RSI=0x0000000000000007 is an unknown value
RDI=0x000000000a8e47f0 is an unknown value
R8 =0x0000000007209800 is a thread
R9 =0x000000000611d160 is an unknown value
R10=0x0000000000000000 is an unknown value
R11=0x00000000082dee10 is pointing into the stack for thread: 0x0000000007209800
R12=0x000000000a8e8640 is an unknown value
R13=0x000000000a8cff10 is an unknown value
R14=0x0000000000000000 is an unknown value
R15=0x0000000000000000 is an unknown value


Stack: [0x00000000081e0000,0x00000000082e0000],  sp=0x00000000082def70,  free space=1019k
Native frames: (J=compiled Java code, j=interpreted, Vv=VM code, C=native code)
C  [gdx-box2d64.dll+0x200ae]

Java frames: (J=compiled Java code, j=interpreted, Vv=VM code)
j  com.badlogic.gdx.physics.box2d.World.jniStep(JFII)V+0
J  com.mygdx.game.desktop.Game.render()V
j  com.badlogic.gdx.backends.lwjgl.LwjglApplication.mainLoop()V+632
j  com.badlogic.gdx.backends.lwjgl.LwjglApplication$1.run()V+27
v  ~StubRoutines::call_stub

---------------  P R O C E S S  ---------------

Java Threads: ( => current thread )
  0x0000000007406000 JavaThread "LWJGL Timer" daemon [_thread_blocked, id=4120, stack(0x000000000cd00000,0x000000000ce00000)]
  0x000000000288d800 JavaThread "DestroyJavaVM" [_thread_blocked, id=4804, stack(0x0000000002700000,0x0000000002800000)]
=>0x0000000007209800 JavaThread "LWJGL Application" [_thread_in_native, id=2884, stack(0x00000000081e0000,0x00000000082e0000)]
  0x000000000619f000 JavaThread "Service Thread" daemon [_thread_blocked, id=5448, stack(0x0000000006f50000,0x0000000007050000)]
  0x0000000006198000 JavaThread "C2 CompilerThread1" daemon [_thread_blocked, id=6664, stack(0x0000000006e50000,0x0000000006f50000)]
  0x0000000006193000 JavaThread "C2 CompilerThread0" daemon [_thread_blocked, id=6368, stack(0x0000000006d50000,0x0000000006e50000)]
  0x0000000006191800 JavaThread "Attach Listener" daemon [_thread_blocked, id=4864, stack(0x0000000006c50000,0x0000000006d50000)]
  0x000000000618e800 JavaThread "Signal Dispatcher" daemon [_thread_blocked, id=3292, stack(0x0000000006b50000,0x0000000006c50000)]
  0x000000000612f000 JavaThread "Finalizer" daemon [_thread_blocked, id=716, stack(0x0000000006a50000,0x0000000006b50000)]
  0x0000000006126000 JavaThread "Reference Handler" daemon [_thread_blocked, id=5456, stack(0x0000000006950000,0x0000000006a50000)]

Other Threads:
  0x000000000611c800 VMThread [stack: 0x0000000006850000,0x0000000006950000] [id=6520]
  0x00000000061ba000 WatcherThread [stack: 0x0000000007050000,0x0000000007150000] [id=6640]

VM state:not at safepoint (normal execution)

VM Mutex/Monitor currently owned by a thread: None

Heap
 PSYoungGen      total 18624K, used 10464K [0x00000000eb400000, 0x00000000ec8c0000, 0x0000000100000000)
  eden space 16000K, 65% used [0x00000000eb400000,0x00000000ebe383b0,0x00000000ec3a0000)
  from space 2624K, 0% used [0x00000000ec630000,0x00000000ec630000,0x00000000ec8c0000)
  to   space 2624K, 0% used [0x00000000ec3a0000,0x00000000ec3a0000,0x00000000ec630000)
 PSOldGen        total 42496K, used 0K [0x00000000c1c00000, 0x00000000c4580000, 0x00000000eb400000)
  object space 42496K, 0% used [0x00000000c1c00000,0x00000000c1c00000,0x00000000c4580000)
 PSPermGen       total 21248K, used 6807K [0x00000000bca00000, 0x00000000bdec0000, 0x00000000c1c00000)
  object space 21248K, 32% used [0x00000000bca00000,0x00000000bd0a5e40,0x00000000bdec0000)

Code Cache  [0x0000000002990000, 0x0000000002c00000, 0x0000000005990000)
 total_blobs=487 nmethods=68 adapters=371 free_code_cache=48453Kb largest_free_block=49560576

Dynamic libraries:
0x000007f6ee730000 - 0x000007f6ee763000 	C:\Program Files\Java\jre7\bin\javaw.exe
0x000007fbaa1a0000 - 0x000007fbaa35e000 	C:\Windows\SYSTEM32\ntdll.dll
0x000007fba98a0000 - 0x000007fba99d7000 	C:\Windows\system32\KERNEL32.DLL
0x000007fba72c0000 - 0x000007fba73b4000 	C:\Windows\system32\KERNELBASE.dll
0x000000006bcc0000 - 0x000000006bd54000 	C:\Program Files\Bitdefender\Bitdefender 2015\Active Virus Control\Avc3_00285_005\avcuf64.dll
0x000007fba91b0000 - 0x000007fba928e000 	C:\Windows\system32\ADVAPI32.dll
0x000007fba99e0000 - 0x000007fba9b2c000 	C:\Windows\system32\USER32.dll
0x000007fba3790000 - 0x000007fba39fa000 	C:\Windows\WinSxS\amd64_microsoft.windows.common-controls_6595b64144ccf1df_6.0.9200.16579_none_418ab7ef718b27ef\COMCTL32.dll
0x000007fba7810000 - 0x000007fba78b5000 	C:\Windows\system32\msvcrt.dll
0x000007fba9640000 - 0x000007fba9688000 	C:\Windows\SYSTEM32\sechost.dll
0x000007fbaa050000 - 0x000007fbaa195000 	C:\Windows\system32\RPCRT4.dll
0x000007fba8ce0000 - 0x000007fba8e21000 	C:\Windows\system32\GDI32.dll
0x000007fba8e80000 - 0x000007fba8eb9000 	C:\Windows\system32\IMM32.DLL
0x000007fba8bc0000 - 0x000007fba8cd6000 	C:\Windows\system32\MSCTF.dll
0x000000006a430000 - 0x000000006a501000 	C:\Program Files\Java\jre7\bin\msvcr100.dll
0x000000006a920000 - 0x000000006afee000 	C:\Program Files\Java\jre7\bin\server\jvm.dll
0x000007fb8e870000 - 0x000007fb8e879000 	C:\Windows\SYSTEM32\WSOCK32.dll
0x000007fba61f0000 - 0x000007fba6210000 	C:\Windows\SYSTEM32\WINMM.dll
0x000007fba7630000 - 0x000007fba7637000 	C:\Windows\system32\PSAPI.DLL
0x000007fba9460000 - 0x000007fba94b8000 	C:\Windows\system32\WS2_32.dll
0x000007fba61a0000 - 0x000007fba61d3000 	C:\Windows\SYSTEM32\WINMMBASE.dll
0x000007fba7570000 - 0x000007fba7579000 	C:\Windows\system32\NSI.dll
0x000007fba7490000 - 0x000007fba74df000 	C:\Windows\SYSTEM32\cfgmgr32.dll
0x000007fba74e0000 - 0x000007fba7502000 	C:\Windows\system32\DEVOBJ.dll
0x000000006a910000 - 0x000000006a91f000 	C:\Program Files\Java\jre7\bin\verify.dll
0x000000006a8e0000 - 0x000000006a908000 	C:\Program Files\Java\jre7\bin\java.dll
0x000000006a8c0000 - 0x000000006a8d5000 	C:\Program Files\Java\jre7\bin\zip.dll
0x0000000065580000 - 0x0000000065616000 	C:\Users\sachavent\AppData\Local\Temp\libgdxsachavent\1c1933b0\gdx64.dll
0x000007fba68e0000 - 0x000007fba68fa000 	C:\Windows\SYSTEM32\CRYPTSP.dll
0x000007fba6560000 - 0x000007fba65ab000 	C:\Windows\system32\rsaenh.dll
0x000007fba73c0000 - 0x000007fba73df000 	C:\Windows\system32\USERENV.dll
0x000007fba70c0000 - 0x000007fba70d5000 	C:\Windows\system32\profapi.dll
0x000007fba6e50000 - 0x000007fba6e5a000 	C:\Windows\SYSTEM32\CRYPTBASE.dll
0x000007fba6df0000 - 0x000007fba6e4c000 	C:\Windows\SYSTEM32\bcryptPrimitives.dll
0x000000006a8a0000 - 0x000000006a8b9000 	C:\Program Files\Java\jre7\bin\net.dll
0x000007fba6860000 - 0x000007fba68bc000 	C:\Windows\system32\mswsock.dll
0x000007fb9e410000 - 0x000007fb9e424000 	C:\Windows\system32\napinsp.dll
0x000007fb9d510000 - 0x000007fb9d528000 	C:\Windows\system32\pnrpnsp.dll
0x000007fba4310000 - 0x000007fba4326000 	C:\Windows\system32\NLAapi.dll
0x000007fba66a0000 - 0x000007fba673c000 	C:\Windows\SYSTEM32\DNSAPI.dll
0x000007fb9d4f0000 - 0x000007fb9d502000 	C:\Windows\System32\winrnr.dll
0x000007fb9d4d0000 - 0x000007fb9d4e4000 	C:\Windows\system32\wshbth.dll
0x000007fb98890000 - 0x000007fb98898000 	C:\Windows\System32\rasadhlp.dll
0x000007fba6210000 - 0x000007fba623a000 	C:\Windows\SYSTEM32\IPHLPAPI.DLL
0x000007fba61e0000 - 0x000007fba61ea000 	C:\Windows\SYSTEM32\WINNSI.DLL
0x000007fba0ec0000 - 0x000007fba0f21000 	C:\Windows\System32\fwpuclnt.dll
0x000000006a880000 - 0x000000006a891000 	C:\Program Files\Java\jre7\bin\nio.dll
0x0000000180000000 - 0x0000000180053000 	C:\Users\sachavent\AppData\Local\Temp\libgdxsachavent\dc0f0009\lwjgl64.dll
0x000007fb8c7f0000 - 0x000007fb8c90f000 	C:\Windows\SYSTEM32\OPENGL32.dll
0x000007fba6130000 - 0x000007fba6139000 	C:\Windows\SYSTEM32\VERSION.dll
0x000007fba2d40000 - 0x000007fba2d6c000 	C:\Windows\SYSTEM32\GLU32.dll
0x000007fb8a810000 - 0x000007fb8a8fa000 	C:\Windows\SYSTEM32\DDRAW.dll
0x000007fba2f00000 - 0x000007fba2f08000 	C:\Windows\SYSTEM32\DCIMAN32.dll
0x00000000079b0000 - 0x0000000007a14000 	C:\Users\SACHAV~1\AppData\Local\Temp\libgdxsachavent\dc0f0009\OpenAL64.dll
0x000007fba78d0000 - 0x000007fba8bb2000 	C:\Windows\system32\SHELL32.dll
0x000007fba94c0000 - 0x000007fba963e000 	C:\Windows\system32\ole32.dll
0x000007fba7640000 - 0x000007fba77f0000 	C:\Windows\SYSTEM32\combase.dll
0x000007fba8e30000 - 0x000007fba8e80000 	C:\Windows\system32\SHLWAPI.dll
0x000007fba6090000 - 0x000007fba6125000 	C:\Windows\SYSTEM32\SHCORE.dll
0x000007fba47d0000 - 0x000007fba48b6000 	C:\Windows\system32\uxtheme.dll
0x000007fba9800000 - 0x000007fba9896000 	C:\Windows\SYSTEM32\clbcatq.dll
0x000007fba9d50000 - 0x000007fba9e13000 	C:\Windows\system32\OLEAUT32.dll
0x000007fb8e690000 - 0x000007fb8e71b000 	C:\Windows\SYSTEM32\dsound.dll
0x000007fba6fb0000 - 0x000007fba6ff3000 	C:\Windows\SYSTEM32\POWRPROF.dll
0x000007fba31a0000 - 0x000007fba3202000 	C:\Windows\System32\MMDevApi.dll
0x000007fb92300000 - 0x000007fb92372000 	C:\Windows\SYSTEM32\AUDIOSES.DLL
0x000007fba3bc0000 - 0x000007fba3be1000 	C:\Windows\SYSTEM32\dwmapi.dll
0x000007fb83800000 - 0x000007fb84329000 	C:\Windows\SYSTEM32\ig7icd64.dll
0x000007fb93010000 - 0x000007fb930a1000 	C:\Windows\SYSTEM32\mscms.dll
0x000007fba1d70000 - 0x000007fba1db0000 	C:\Windows\SYSTEM32\icm32.dll
0x0000000066bc0000 - 0x0000000066c7b000 	C:\Users\sachavent\AppData\Local\Temp\libgdxsachavent\33bebcb\gdx-box2d64.dll

VM Arguments:
jvm_args: -Dfile.encoding=Cp1252 
java_command: com.mygdx.game.desktop.DesktopLauncher
Launcher Type: SUN_STANDARD

Environment Variables:
PATH=C:/Program Files/Java/jre7/bin/server;C:/Program Files/Java/jre7/bin;C:/Program Files/Java/jre7/lib/amd64;C:\Program Files\Java\jre7\bin;C:\Users\sachavent\Documents\eclipse-java-luna-SR1-win32-x86_64\eclipse;
USERNAME=sachavent
OS=Windows_NT
PROCESSOR_IDENTIFIER=Intel64 Family 6 Model 58 Stepping 9, GenuineIntel



---------------  S Y S T E M  ---------------

OS: Windows NT 6.2 Build 9200 

CPU:total 4 (2 cores per cpu, 2 threads per core) family 6 model 58 stepping 9, cmov, cx8, fxsr, mmx, sse, sse2, sse3, ssse3, sse4.1, sse4.2, popcnt, ht

Memory: 4k page, physical 4077452k(1502744k free), swap 6174604k(2124172k free)

vm_info: Java HotSpot(TM) 64-Bit Server VM (21.0-b17) for windows-amd64 JRE (1.7.0-b147), built on Jun 27 2011 02:19:45 by "java_re" with unknown MS VC++:1600

time: Fri Jan 16 14:01:24 2015
elapsed time: 18 seconds

