#
# A fatal error has been detected by the Java Runtime Environment:
#
#  EXCEPTION_ACCESS_VIOLATION (0xc0000005) at pc=0x0000000066be00aa, pid=3244, tid=6644
#
# JRE version: 7.0-b147
# Java VM: Java HotSpot(TM) 64-Bit Server VM (21.0-b17 mixed mode windows-amd64 compressed oops)
# Problematic frame:
# C  [gdx-box2d64.dll+0x200aa]
#
# Failed to write core dump. Minidumps are not enabled by default on client versions of Windows
#
# If you would like to submit a bug report, please visit:
#   http://bugreport.sun.com/bugreport/crash.jsp
# The crash happened outside the Java Virtual Machine in native code.
# See problematic frame for where to report the bug.
#

---------------  T H R E A D  ---------------

Current thread (0x0000000007683000):  JavaThread "LWJGL Application" [_thread_in_native, id=6644, stack(0x00000000084b0000,0x00000000085b0000)]

siginfo: ExceptionCode=0xc0000005, reading address 0x000000000000001c

Registers:
RAX=0x000000000ac1c5b0, RBX=0x000000000ac24620, RCX=0x0000000000000300, RDX=0x0000000000000000
RSP=0x00000000085aee20, RBP=0x000000000ac18640, RSI=0x000000000ac147f0, RDI=0x000000000ac148b0
R8 =0x0000000007683000, R9 =0x00000000065ed160, R10=0x0000000000000000, R11=0x00000000085aecc0
R12=0x000000000ac186a0, R13=0x000000000abfff10, R14=0x0000000000000000, R15=0x0000000000000000
RIP=0x0000000066be00aa, EFLAGS=0x0000000000010202

Top of Stack: (sp=0x00000000085aee20)
0x00000000085aee20:   000000000ac00aa0 000000000abfff10
0x00000000085aee30:   0000000000000000 000000000000000d
0x00000000085aee40:   000000003fffa0da 0000000000000000
0x00000000085aee50:   0000000000000000 0000000000000000
0x00000000085aee60:   0000000006617cc0 000000000abe6c70
0x00000000085aee70:   00000000085aeee0 00000000085aeed0
0x00000000085aee80:   000000000abfff10 0000000000000006
0x00000000085aee90:   00000000bd008bb8 00000000085af0c0
0x00000000085aeea0:   0000000007683000 0000000066be4b66
0x00000000085aeeb0:   00000000bcc274a0 00000000bd0fb670
0x00000000085aeec0:   00000000bcc22aa0 0000000000000000
0x00000000085aeed0:   42391b5539940000 00000000085aef60
0x00000000085aeee0:   42391b5539bc0000 00000000c1cc7e40
0x00000000085aeef0:   41efffe53d088898 000000063fffa0da
0x00000000085aef00:   0000000100000002 00000000bced9860
0x00000000085aef10:   000000003d088898 0000000000000000 

Instructions: (pc=0x0000000066be00aa)
0x0000000066be008a:   17 85 d2 0f 84 de 00 00 00 49 63 d6 49 63 c7 48
0x0000000066be009a:   c1 e2 05 48 03 55 28 48 c1 e0 05 49 03 44 24 28
0x0000000066be00aa:   48 63 72 1c 48 63 78 1c 85 f6 78 06 41 3b 75 14
0x0000000066be00ba:   7c 19 48 8d 15 6d 82 03 00 48 8d 0d 8e 82 03 00 


Register to memory mapping:

RAX=0x000000000ac1c5b0 is an unknown value
RBX=0x000000000ac24620 is an unknown value
RCX=0x0000000000000300 is an unknown value
RDX=0x0000000000000000 is an unknown value
RSP=0x00000000085aee20 is pointing into the stack for thread: 0x0000000007683000
RBP=0x000000000ac18640 is an unknown value
RSI=0x000000000ac147f0 is an unknown value
RDI=0x000000000ac148b0 is an unknown value
R8 =0x0000000007683000 is a thread
R9 =0x00000000065ed160 is an unknown value
R10=0x0000000000000000 is an unknown value
R11=0x00000000085aecc0 is pointing into the stack for thread: 0x0000000007683000
R12=0x000000000ac186a0 is an unknown value
R13=0x000000000abfff10 is an unknown value
R14=0x0000000000000000 is an unknown value
R15=0x0000000000000000 is an unknown value


Stack: [0x00000000084b0000,0x00000000085b0000],  sp=0x00000000085aee20,  free space=1019k
Native frames: (J=compiled Java code, j=interpreted, Vv=VM code, C=native code)
C  [gdx-box2d64.dll+0x200aa]
C  0x0000000000000000
C  0x0000000000000000
C  0x0000000000000000
C  0x0000000000000000
C  0x0000000000000000
C  0x0a0c00fcfcfb0000
C  0x0000000000000000
C  0x0000000000000000
C  0x0000000000000000
C  0x0000000000000000
C  0x0000000000000000
C  0x0000000000000000
C  0x00ffffff00ffffff
C  0x00ffffff00ffffff
C  0x00ffffff00ffffff
C  0x00ffffff00ffffff
C  0x00ffffff00ffffff
C  0x00ffffff00ffffff
C  0x68979597ff000000
C  0x00ffffff00ffffff
C  0x00ffffff67aba9a7
C  0x00ffffff00ffffff
C  0x00ffffff00ffffff
C  0xff415260ff1a5685
C  0x00ffffff00ffffff
C  0x00ffffff59b6b3b0
C  0x00ffffff00ffffff
C  0x00ffffff00ffffff
C  0xff144f7aff1b4a6a
C  0x00ffffff00ffffff
C  0x00ffffff5cb5b1ad
C  0x00ffffff00ffffff
C  0x00ffffff00ffffff
C  0xff2c74a6ff1b4e6c
C  0x00ffffff00ffffff
C  0x00ffffff59b6b1af
C  0x00ffffff00ffffff
C  0x00ffffff00ffffff
C  0xff4398d3ff225679
C  0x00ffffff00ffffff
C  0x00ffffff4ebab9b6
C  0x00ffffff00ffffff
C  0x4cb5b0aa00ffffff
C  0xff31739bff3d89b7
C  0x00ffffff00ffffff
C  0x00ffffff76a2a0a0
C  0x00ffffff00ffffff
C  0xb65c616600ffffff
C  0xff235d7eff52aee5
C  0x00ffffff00ffffff
C  0x00ffffff55b7b3b1
C  0x00ffffff00ffffff
C  0xff133a6300ffffff
C  0xff2b668aff64c8ff
C  0x00ffffff00ffffff
C  0x00ffffff67afaaa8
C  0x00ffffff00ffffff
C  0xff0000004ea7a8a8
C  0xff378bc0ff6bddff
C  0x00ffffff00ffffff
C  0x00ffffff67afaba8
C  0x00ffffff00ffffff
C  0xff00000024c6c7c8
C  0xff5b6062ff6ad0ff
C  0x00ffffff00ffffff
C  0x00ffffff43c2bfbc
C  0x00ffffff00ffffff
C  0xff908f91629c9a99
C  0xff443d39ff554f4f
C  0x00ffffff00ffffff
C  0x00ffffff9497928f
C  0x00ffffff00ffffff
C  0xff454343ff2a2725
C  0xff242323ff2a1810
C  0x00ffffff00ffffff
C  0x00ffffff9f918d89
C  0x00ffffff00ffffff
C  0xff0b0a0aff100f0e
C  0xff3b3a3aff39271f
C  0x00ffffff00ffffff
C  0x00ffffff9496928f
C  0xdb4b4743ff060504
C  0xff030404ff080707
C  0xff4b4949ff3b2a20
C  0x00ffffff00ffffff
C  0x00ffffffd6726e6c
C  0xff0d182dff000000
C  0xff777773ff6b6978
C  0xff5c5a5aff38261c
C  0x5f9c9d9e00ffffff
C  0xff8c8c8dff545350
C  0xff379fffff4c91d0
C  0xff513231ff170d00
C  0xff5d5c5bff433128
C  0xe6433d3a00ffffff
C  0xff3e3e3dff3a3a3a
C  0xff4db5ffff4db5fe
C  0xff520000ff6196ae
C  0xff605e5dff423029
...<more frames>...

Java frames: (J=compiled Java code, j=interpreted, Vv=VM code)
j  com.badlogic.gdx.physics.box2d.World.jniStep(JFII)V+0
J  com.mygdx.game.desktop.Game.render()V
j  com.badlogic.gdx.backends.lwjgl.LwjglApplication.mainLoop()V+632
j  com.badlogic.gdx.backends.lwjgl.LwjglApplication$1.run()V+27
v  ~StubRoutines::call_stub

---------------  P R O C E S S  ---------------

Java Threads: ( => current thread )
  0x000000000789b000 JavaThread "LWJGL Timer" daemon [_thread_blocked, id=6636, stack(0x000000000d030000,0x000000000d130000)]
  0x0000000002aed800 JavaThread "DestroyJavaVM" [_thread_blocked, id=6720, stack(0x0000000002ba0000,0x0000000002ca0000)]
=>0x0000000007683000 JavaThread "LWJGL Application" [_thread_in_native, id=6644, stack(0x00000000084b0000,0x00000000085b0000)]
  0x0000000006674800 JavaThread "Service Thread" daemon [_thread_blocked, id=6672, stack(0x0000000007420000,0x0000000007520000)]
  0x000000000666d800 JavaThread "C2 CompilerThread1" daemon [_thread_blocked, id=1728, stack(0x0000000007320000,0x0000000007420000)]
  0x0000000006663000 JavaThread "C2 CompilerThread0" daemon [_thread_blocked, id=6676, stack(0x0000000007220000,0x0000000007320000)]
  0x0000000006661800 JavaThread "Attach Listener" daemon [_thread_blocked, id=4832, stack(0x0000000007120000,0x0000000007220000)]
  0x000000000665e800 JavaThread "Signal Dispatcher" daemon [_thread_blocked, id=6716, stack(0x0000000007020000,0x0000000007120000)]
  0x00000000065ff000 JavaThread "Finalizer" daemon [_thread_blocked, id=804, stack(0x0000000006f20000,0x0000000007020000)]
  0x00000000065f6000 JavaThread "Reference Handler" daemon [_thread_blocked, id=1096, stack(0x0000000006e20000,0x0000000006f20000)]

Other Threads:
  0x00000000065ec800 VMThread [stack: 0x0000000006d20000,0x0000000006e20000] [id=6460]
  0x0000000006691800 WatcherThread [stack: 0x0000000007520000,0x0000000007620000] [id=6472]

VM state:not at safepoint (normal execution)

VM Mutex/Monitor currently owned by a thread: None

Heap
 PSYoungGen      total 12864K, used 10327K [0x00000000eb400000, 0x00000000ec2f0000, 0x0000000100000000)
  eden space 11072K, 91% used [0x00000000eb400000,0x00000000ebde5c78,0x00000000ebed0000)
  from space 1792K, 10% used [0x00000000ec130000,0x00000000ec160000,0x00000000ec2f0000)
  to   space 2112K, 0% used [0x00000000ebed0000,0x00000000ebed0000,0x00000000ec0e0000)
 PSOldGen        total 42496K, used 3227K [0x00000000c1c00000, 0x00000000c4580000, 0x00000000eb400000)
  object space 42496K, 7% used [0x00000000c1c00000,0x00000000c1f26c48,0x00000000c4580000)
 PSPermGen       total 21248K, used 7179K [0x00000000bca00000, 0x00000000bdec0000, 0x00000000c1c00000)
  object space 21248K, 33% used [0x00000000bca00000,0x00000000bd102d68,0x00000000bdec0000)

Code Cache  [0x0000000002da0000, 0x0000000003010000, 0x0000000005da0000)
 total_blobs=607 nmethods=179 adapters=380 free_code_cache=48361Kb largest_free_block=49495040

Dynamic libraries:
0x000007f66cbf0000 - 0x000007f66cc23000 	C:\Program Files\Java\jre7\bin\javaw.exe
0x000007f8e8720000 - 0x000007f8e88de000 	C:\Windows\SYSTEM32\ntdll.dll
0x000007f8e5d20000 - 0x000007f8e5e57000 	C:\Windows\system32\KERNEL32.DLL
0x000007f8e5660000 - 0x000007f8e5754000 	C:\Windows\system32\KERNELBASE.dll
0x0000000053700000 - 0x0000000053794000 	C:\Program Files\Bitdefender\Bitdefender 2015\Active Virus Control\Avc3_00285_005\avcuf64.dll
0x000007f8e82e0000 - 0x000007f8e83be000 	C:\Windows\system32\ADVAPI32.dll
0x000007f8e7a30000 - 0x000007f8e7b7c000 	C:\Windows\system32\USER32.dll
0x000007f8e2070000 - 0x000007f8e22da000 	C:\Windows\WinSxS\amd64_microsoft.windows.common-controls_6595b64144ccf1df_6.0.9200.16579_none_418ab7ef718b27ef\COMCTL32.dll
0x000007f8e8470000 - 0x000007f8e8515000 	C:\Windows\system32\msvcrt.dll
0x000007f8e8420000 - 0x000007f8e8468000 	C:\Windows\SYSTEM32\sechost.dll
0x000007f8e7e70000 - 0x000007f8e7fb5000 	C:\Windows\system32\RPCRT4.dll
0x000007f8e7620000 - 0x000007f8e7761000 	C:\Windows\system32\GDI32.dll
0x000007f8e7bf0000 - 0x000007f8e7c29000 	C:\Windows\system32\IMM32.DLL
0x000007f8e7fc0000 - 0x000007f8e80d6000 	C:\Windows\system32\MSCTF.dll
0x0000000051e70000 - 0x0000000051f41000 	C:\Program Files\Java\jre7\bin\msvcr100.dll
0x0000000052030000 - 0x00000000526fe000 	C:\Program Files\Java\jre7\bin\server\jvm.dll
0x000007f8cba20000 - 0x000007f8cba29000 	C:\Windows\SYSTEM32\WSOCK32.dll
0x000007f8e4770000 - 0x000007f8e4790000 	C:\Windows\SYSTEM32\WINMM.dll
0x000007f8e7a20000 - 0x000007f8e7a27000 	C:\Windows\system32\PSAPI.DLL
0x000007f8e80e0000 - 0x000007f8e8138000 	C:\Windows\system32\WS2_32.dll
0x000007f8e4720000 - 0x000007f8e4753000 	C:\Windows\SYSTEM32\WINMMBASE.dll
0x000007f8e8710000 - 0x000007f8e8719000 	C:\Windows\system32\NSI.dll
0x000007f8e5760000 - 0x000007f8e57af000 	C:\Windows\SYSTEM32\cfgmgr32.dll
0x000007f8e5860000 - 0x000007f8e5882000 	C:\Windows\system32\DEVOBJ.dll
0x0000000052020000 - 0x000000005202f000 	C:\Program Files\Java\jre7\bin\verify.dll
0x0000000051ff0000 - 0x0000000052018000 	C:\Program Files\Java\jre7\bin\java.dll
0x0000000051fd0000 - 0x0000000051fe5000 	C:\Program Files\Java\jre7\bin\zip.dll
0x0000000065580000 - 0x0000000065616000 	C:\Users\sachavent\AppData\Local\Temp\libgdxsachavent\1c1933b0\gdx64.dll
0x000007f8e4e40000 - 0x000007f8e4e5a000 	C:\Windows\SYSTEM32\CRYPTSP.dll
0x000007f8e4ae0000 - 0x000007f8e4b2b000 	C:\Windows\system32\rsaenh.dll
0x000007f8e5ad0000 - 0x000007f8e5aef000 	C:\Windows\system32\USERENV.dll
0x000007f8e5620000 - 0x000007f8e5635000 	C:\Windows\system32\profapi.dll
0x000007f8e53d0000 - 0x000007f8e53da000 	C:\Windows\SYSTEM32\CRYPTBASE.dll
0x000007f8e5370000 - 0x000007f8e53cc000 	C:\Windows\SYSTEM32\bcryptPrimitives.dll
0x0000000051fb0000 - 0x0000000051fc9000 	C:\Program Files\Java\jre7\bin\net.dll
0x000007f8e4de0000 - 0x000007f8e4e3c000 	C:\Windows\system32\mswsock.dll
0x000007f8dbc10000 - 0x000007f8dbc24000 	C:\Windows\system32\napinsp.dll
0x000007f8dbbf0000 - 0x000007f8dbc08000 	C:\Windows\system32\pnrpnsp.dll
0x000007f8e2b20000 - 0x000007f8e2b36000 	C:\Windows\system32\NLAapi.dll
0x000007f8e4c20000 - 0x000007f8e4cbc000 	C:\Windows\SYSTEM32\DNSAPI.dll
0x000007f8dbbd0000 - 0x000007f8dbbe2000 	C:\Windows\System32\winrnr.dll
0x000007f8dbbb0000 - 0x000007f8dbbc4000 	C:\Windows\system32\wshbth.dll
0x000007f8d52d0000 - 0x000007f8d52d8000 	C:\Windows\System32\rasadhlp.dll
0x000007f8e4790000 - 0x000007f8e47ba000 	C:\Windows\SYSTEM32\IPHLPAPI.DLL
0x000007f8e4760000 - 0x000007f8e476a000 	C:\Windows\SYSTEM32\WINNSI.DLL
0x000007f8dff20000 - 0x000007f8dff81000 	C:\Windows\System32\fwpuclnt.dll
0x0000000051f90000 - 0x0000000051fa1000 	C:\Program Files\Java\jre7\bin\nio.dll
0x0000000180000000 - 0x0000000180053000 	C:\Users\sachavent\AppData\Local\Temp\libgdxsachavent\dc0f0009\lwjgl64.dll
0x000007f8cccf0000 - 0x000007f8cce0f000 	C:\Windows\SYSTEM32\OPENGL32.dll
0x000007f8e46b0000 - 0x000007f8e46b9000 	C:\Windows\SYSTEM32\VERSION.dll
0x000007f8d7b80000 - 0x000007f8d7bac000 	C:\Windows\SYSTEM32\GLU32.dll
0x000007f8cc9c0000 - 0x000007f8ccaaa000 	C:\Windows\SYSTEM32\DDRAW.dll
0x000007f8e0ab0000 - 0x000007f8e0ab8000 	C:\Windows\SYSTEM32\DCIMAN32.dll
0x0000000007e40000 - 0x0000000007ea4000 	C:\Users\SACHAV~1\AppData\Local\Temp\libgdxsachavent\dc0f0009\OpenAL64.dll
0x000007f8e61a0000 - 0x000007f8e7482000 	C:\Windows\system32\SHELL32.dll
0x000007f8e7490000 - 0x000007f8e760e000 	C:\Windows\system32\ole32.dll
0x000007f8e77d0000 - 0x000007f8e7980000 	C:\Windows\SYSTEM32\combase.dll
0x000007f8e83c0000 - 0x000007f8e8410000 	C:\Windows\system32\SHLWAPI.dll
0x000007f8e4610000 - 0x000007f8e46a5000 	C:\Windows\SYSTEM32\SHCORE.dll
0x000007f8e2f30000 - 0x000007f8e3016000 	C:\Windows\system32\uxtheme.dll
0x000007f8e7980000 - 0x000007f8e7a16000 	C:\Windows\SYSTEM32\clbcatq.dll
0x000007f8e7c30000 - 0x000007f8e7cf3000 	C:\Windows\system32\OLEAUT32.dll
0x000007f8cde00000 - 0x000007f8cde8b000 	C:\Windows\SYSTEM32\dsound.dll
0x000007f8e5530000 - 0x000007f8e5573000 	C:\Windows\SYSTEM32\POWRPROF.dll
0x000007f8e1530000 - 0x000007f8e1592000 	C:\Windows\System32\MMDevApi.dll
0x000007f8ccab0000 - 0x000007f8ccb22000 	C:\Windows\SYSTEM32\AUDIOSES.DLL
0x000007f8e22e0000 - 0x000007f8e2301000 	C:\Windows\SYSTEM32\dwmapi.dll
0x000007f8c5c60000 - 0x000007f8c6789000 	C:\Windows\SYSTEM32\ig7icd64.dll
0x000007f8d0e00000 - 0x000007f8d0e91000 	C:\Windows\SYSTEM32\mscms.dll
0x000007f8dd440000 - 0x000007f8dd480000 	C:\Windows\SYSTEM32\icm32.dll
0x0000000066bc0000 - 0x0000000066c7b000 	C:\Users\sachavent\AppData\Local\Temp\libgdxsachavent\33bebcb\gdx-box2d64.dll

VM Arguments:
jvm_args: -Dfile.encoding=Cp1252 
java_command: com.mygdx.game.desktop.DesktopLauncher
Launcher Type: SUN_STANDARD

Environment Variables:
PATH=C:/Program Files/Java/jre7/bin/server;C:/Program Files/Java/jre7/bin;C:/Program Files/Java/jre7/lib/amd64;C:\Program Files\Java\jre7\bin;C:\Users\sachavent\Documents\eclipse-java-luna-SR1-win32-x86_64\eclipse;
USERNAME=sachavent
OS=Windows_NT
PROCESSOR_IDENTIFIER=Intel64 Family 6 Model 58 Stepping 9, GenuineIntel



---------------  S Y S T E M  ---------------

OS: Windows NT 6.2 Build 9200 

CPU:total 4 (2 cores per cpu, 2 threads per core) family 6 model 58 stepping 9, cmov, cx8, fxsr, mmx, sse, sse2, sse3, ssse3, sse4.1, sse4.2, popcnt, ht

Memory: 4k page, physical 4077452k(419400k free), swap 7557756k(3261280k free)

vm_info: Java HotSpot(TM) 64-Bit Server VM (21.0-b17) for windows-amd64 JRE (1.7.0-b147), built on Jun 27 2011 02:19:45 by "java_re" with unknown MS VC++:1600

time: Mon Jan 19 10:59:22 2015
elapsed time: 109 seconds

